# JRE version: OpenJDK Runtime Environment Temurin-21.0.7+6 (21.0.7+6) (build 21.0.7+6-LTS)
# Java VM: OpenJDK 64-Bit Server VM Temurin-21.0.7+6 (21.0.7+6-LTS, mixed mode, sharing, tiered, compressed oops, compressed class ptrs, parallel gc, windows-amd64)
GC Precious Log:
 CardTable entry size: 512
 CPUs: 8 total, 8 available
 Memory: 16191M
 Large Page Support: Disabled
 NUMA Support: Disabled
 Compressed Oops: Enabled (32-bit)
 Alignments: Space 512K, Generation 512K, Heap 2M
 Heap Min Capacity: 100M
 Heap Initial Capacity: 100M
 Heap Max Capacity: 2G
 Pre-touch: Disabled
 Parallel Workers: 8
Heap:
 PSYoungGen      total 23552K, used 20903K [0x00000000d5580000, 0x00000000d6f80000, 0x0000000100000000)
  eden space 20480K, 87% used [0x00000000d5580000,0x00000000d6717948,0x00000000d6980000)
  from space 3072K, 94% used [0x00000000d6980000,0x00000000d6c526a8,0x00000000d6c80000)
  to   space 3072K, 0% used [0x00000000d6c80000,0x00000000d6c80000,0x00000000d6f80000)
 ParOldGen       total 68608K, used 47351K [0x0000000080000000, 0x0000000084300000, 0x00000000d5580000)
  object space 68608K, 69% used [0x0000000080000000,0x0000000082e3ded0,0x0000000084300000)
 Metaspace       used 44194K, committed 45312K, reserved 1114112K
  class space    used 4336K, committed 4864K, reserved 1048576K
GC Heap History (20 events):
Event: 5.028 GC heap before
{Heap before GC invocations=22 (full 2):
 PSYoungGen      total 22528K, used 320K [0x00000000d5580000, 0x00000000d6e80000, 0x0000000100000000)
  eden space 22016K, 0% used [0x00000000d5580000,0x00000000d5580000,0x00000000d6b00000)
  from space 512K, 62% used [0x00000000d6e00000,0x00000000d6e50010,0x00000000d6e80000)
  to   space 1024K, 0% used [0x00000000d6c80000,0x00000000d6c80000,0x00000000d6d80000)
 ParOldGen       total 68608K, used 40196K [0x0000000080000000, 0x0000000084300000, 0x00000000d5580000)
  object space 68608K, 58% used [0x0000000080000000,0x0000000082741328,0x0000000084300000)
 Metaspace       used 34852K, committed 35840K, reserved 1114112K
  class space    used 3473K, committed 3968K, reserved 1048576K
}
Event: 5.095 GC heap after
{Heap after GC invocations=22 (full 2):
 PSYoungGen      total 22528K, used 0K [0x00000000d5580000, 0x00000000d6e80000, 0x0000000100000000)
  eden space 22016K, 0% used [0x00000000d5580000,0x00000000d5580000,0x00000000d6b00000)
  from space 512K, 0% used [0x00000000d6e00000,0x00000000d6e00000,0x00000000d6e80000)
  to   space 1024K, 0% used [0x00000000d6c80000,0x00000000d6c80000,0x00000000d6d80000)
 ParOldGen       total 68608K, used 38391K [0x0000000080000000, 0x0000000084300000, 0x00000000d5580000)
  object space 68608K, 55% used [0x0000000080000000,0x000000008257dcd8,0x0000000084300000)
 Metaspace       used 34784K, committed 35840K, reserved 1114112K
  class space    used 3454K, committed 3968K, reserved 1048576K
}
Event: 5.357 GC heap before
{Heap before GC invocations=23 (full 2):
 PSYoungGen      total 22528K, used 22016K [0x00000000d5580000, 0x00000000d6e80000, 0x0000000100000000)
  eden space 22016K, 100% used [0x00000000d5580000,0x00000000d6b00000,0x00000000d6b00000)
  from space 512K, 0% used [0x00000000d6e00000,0x00000000d6e00000,0x00000000d6e80000)
  to   space 1024K, 0% used [0x00000000d6c80000,0x00000000d6c80000,0x00000000d6d80000)
 ParOldGen       total 68608K, used 38391K [0x0000000080000000, 0x0000000084300000, 0x00000000d5580000)
  object space 68608K, 55% used [0x0000000080000000,0x000000008257dcd8,0x0000000084300000)
 Metaspace       used 35819K, committed 36864K, reserved 1114112K
  class space    used 3579K, committed 4096K, reserved 1048576K
}
Event: 5.357 GC heap after
{Heap after GC invocations=23 (full 2):
 PSYoungGen      total 23040K, used 416K [0x00000000d5580000, 0x00000000d6e80000, 0x0000000100000000)
  eden space 22016K, 0% used [0x00000000d5580000,0x00000000d5580000,0x00000000d6b00000)
  from space 1024K, 40% used [0x00000000d6c80000,0x00000000d6ce8000,0x00000000d6d80000)
  to   space 512K, 0% used [0x00000000d6e00000,0x00000000d6e00000,0x00000000d6e80000)
 ParOldGen       total 68608K, used 38399K [0x0000000080000000, 0x0000000084300000, 0x00000000d5580000)
  object space 68608K, 55% used [0x0000000080000000,0x000000008257fcd8,0x0000000084300000)
 Metaspace       used 35819K, committed 36864K, reserved 1114112K
  class space    used 3579K, committed 4096K, reserved 1048576K
}
Event: 5.592 GC heap before
{Heap before GC invocations=24 (full 2):
 PSYoungGen      total 23040K, used 22424K [0x00000000d5580000, 0x00000000d6e80000, 0x0000000100000000)
  eden space 22016K, 99% used [0x00000000d5580000,0x00000000d6afe328,0x00000000d6b00000)
  from space 1024K, 40% used [0x00000000d6c80000,0x00000000d6ce8000,0x00000000d6d80000)
  to   space 512K, 0% used [0x00000000d6e00000,0x00000000d6e00000,0x00000000d6e80000)
 ParOldGen       total 68608K, used 38399K [0x0000000080000000, 0x0000000084300000, 0x00000000d5580000)
  object space 68608K, 55% used [0x0000000080000000,0x000000008257fcd8,0x0000000084300000)
 Metaspace       used 36941K, committed 38016K, reserved 1114112K
  class space    used 3697K, committed 4224K, reserved 1048576K
}
Event: 5.595 GC heap after
{Heap after GC invocations=24 (full 2):
 PSYoungGen      total 22528K, used 494K [0x00000000d5580000, 0x00000000d6f00000, 0x0000000100000000)
  eden space 22016K, 0% used [0x00000000d5580000,0x00000000d5580000,0x00000000d6b00000)
  from space 512K, 96% used [0x00000000d6e00000,0x00000000d6e7b9c0,0x00000000d6e80000)
  to   space 2048K, 0% used [0x00000000d6b00000,0x00000000d6b00000,0x00000000d6d00000)
 ParOldGen       total 68608K, used 39628K [0x0000000080000000, 0x0000000084300000, 0x00000000d5580000)
  object space 68608K, 57% used [0x0000000080000000,0x00000000826b3010,0x0000000084300000)
 Metaspace       used 36941K, committed 38016K, reserved 1114112K
  class space    used 3697K, committed 4224K, reserved 1048576K
}
Event: 5.685 GC heap before
{Heap before GC invocations=25 (full 2):
 PSYoungGen      total 22528K, used 22510K [0x00000000d5580000, 0x00000000d6f00000, 0x0000000100000000)
  eden space 22016K, 100% used [0x00000000d5580000,0x00000000d6b00000,0x00000000d6b00000)
  from space 512K, 96% used [0x00000000d6e00000,0x00000000d6e7b9c0,0x00000000d6e80000)
  to   space 2048K, 0% used [0x00000000d6b00000,0x00000000d6b00000,0x00000000d6d00000)
 ParOldGen       total 68608K, used 39628K [0x0000000080000000, 0x0000000084300000, 0x00000000d5580000)
  object space 68608K, 57% used [0x0000000080000000,0x00000000826b3010,0x0000000084300000)
 Metaspace       used 36964K, committed 38016K, reserved 1114112K
  class space    used 3697K, committed 4224K, reserved 1048576K
}
Event: 5.686 GC heap after
{Heap after GC invocations=25 (full 2):
 PSYoungGen      total 24064K, used 905K [0x00000000d5580000, 0x00000000d6e80000, 0x0000000100000000)
  eden space 22016K, 0% used [0x00000000d5580000,0x00000000d5580000,0x00000000d6b00000)
  from space 2048K, 44% used [0x00000000d6b00000,0x00000000d6be27d8,0x00000000d6d00000)
  to   space 1536K, 0% used [0x00000000d6d00000,0x00000000d6d00000,0x00000000d6e80000)
 ParOldGen       total 68608K, used 39948K [0x0000000080000000, 0x0000000084300000, 0x00000000d5580000)
  object space 68608K, 58% used [0x0000000080000000,0x0000000082703010,0x0000000084300000)
 Metaspace       used 36964K, committed 38016K, reserved 1114112K
  class space    used 3697K, committed 4224K, reserved 1048576K
}
Event: 6.428 GC heap before
{Heap before GC invocations=26 (full 2):
 PSYoungGen      total 24064K, used 22921K [0x00000000d5580000, 0x00000000d6e80000, 0x0000000100000000)
  eden space 22016K, 100% used [0x00000000d5580000,0x00000000d6b00000,0x00000000d6b00000)
  from space 2048K, 44% used [0x00000000d6b00000,0x00000000d6be27d8,0x00000000d6d00000)
  to   space 1536K, 0% used [0x00000000d6d00000,0x00000000d6d00000,0x00000000d6e80000)
 ParOldGen       total 68608K, used 39948K [0x0000000080000000, 0x0000000084300000, 0x00000000d5580000)
  object space 68608K, 58% used [0x0000000080000000,0x0000000082703010,0x0000000084300000)
 Metaspace       used 39646K, committed 40704K, reserved 1114112K
  class space    used 3931K, committed 4416K, reserved 1048576K
}
Event: 6.429 GC heap after
{Heap after GC invocations=26 (full 2):
 PSYoungGen      total 23552K, used 1248K [0x00000000d5580000, 0x00000000d6e80000, 0x0000000100000000)
  eden space 22016K, 0% used [0x00000000d5580000,0x00000000d5580000,0x00000000d6b00000)
  from space 1536K, 81% used [0x00000000d6d00000,0x00000000d6e38020,0x00000000d6e80000)
  to   space 1536K, 0% used [0x00000000d6b80000,0x00000000d6b80000,0x00000000d6d00000)
 ParOldGen       total 68608K, used 39964K [0x0000000080000000, 0x0000000084300000, 0x00000000d5580000)
  object space 68608K, 58% used [0x0000000080000000,0x0000000082707010,0x0000000084300000)
 Metaspace       used 39646K, committed 40704K, reserved 1114112K
  class space    used 3931K, committed 4416K, reserved 1048576K
}
Event: 7.590 GC heap before
{Heap before GC invocations=27 (full 2):
 PSYoungGen      total 23552K, used 23263K [0x00000000d5580000, 0x00000000d6e80000, 0x0000000100000000)
  eden space 22016K, 99% used [0x00000000d5580000,0x00000000d6affd30,0x00000000d6b00000)
  from space 1536K, 81% used [0x00000000d6d00000,0x00000000d6e38020,0x00000000d6e80000)
  to   space 1536K, 0% used [0x00000000d6b80000,0x00000000d6b80000,0x00000000d6d00000)
 ParOldGen       total 68608K, used 39964K [0x0000000080000000, 0x0000000084300000, 0x00000000d5580000)
  object space 68608K, 58% used [0x0000000080000000,0x0000000082707010,0x0000000084300000)
 Metaspace       used 41124K, committed 42112K, reserved 1114112K
  class space    used 4061K, committed 4544K, reserved 1048576K
}
Event: 7.593 GC heap after
{Heap after GC invocations=27 (full 2):
 PSYoungGen      total 23552K, used 1504K [0x00000000d5580000, 0x00000000d7200000, 0x0000000100000000)
  eden space 22016K, 0% used [0x00000000d5580000,0x00000000d5580000,0x00000000d6b00000)
  from space 1536K, 97% used [0x00000000d6b80000,0x00000000d6cf8060,0x00000000d6d00000)
  to   space 3584K, 0% used [0x00000000d6e80000,0x00000000d6e80000,0x00000000d7200000)
 ParOldGen       total 68608K, used 41484K [0x0000000080000000, 0x0000000084300000, 0x00000000d5580000)
  object space 68608K, 60% used [0x0000000080000000,0x0000000082883140,0x0000000084300000)
 Metaspace       used 41124K, committed 42112K, reserved 1114112K
  class space    used 4061K, committed 4544K, reserved 1048576K
}
Event: 7.714 GC heap before
{Heap before GC invocations=28 (full 2):
 PSYoungGen      total 23552K, used 23520K [0x00000000d5580000, 0x00000000d7200000, 0x0000000100000000)
  eden space 22016K, 100% used [0x00000000d5580000,0x00000000d6b00000,0x00000000d6b00000)
  from space 1536K, 97% used [0x00000000d6b80000,0x00000000d6cf8060,0x00000000d6d00000)
  to   space 3584K, 0% used [0x00000000d6e80000,0x00000000d6e80000,0x00000000d7200000)
 ParOldGen       total 68608K, used 41484K [0x0000000080000000, 0x0000000084300000, 0x00000000d5580000)
  object space 68608K, 60% used [0x0000000080000000,0x0000000082883140,0x0000000084300000)
 Metaspace       used 41407K, committed 42496K, reserved 1114112K
  class space    used 4085K, committed 4608K, reserved 1048576K
}
Event: 7.716 GC heap after
{Heap after GC invocations=28 (full 2):
 PSYoungGen      total 24064K, used 1600K [0x00000000d5580000, 0x00000000d7080000, 0x0000000100000000)
  eden space 22016K, 0% used [0x00000000d5580000,0x00000000d5580000,0x00000000d6b00000)
  from space 2048K, 78% used [0x00000000d6e80000,0x00000000d7010060,0x00000000d7080000)
  to   space 2560K, 0% used [0x00000000d6b80000,0x00000000d6b80000,0x00000000d6e00000)
 ParOldGen       total 68608K, used 42558K [0x0000000080000000, 0x0000000084300000, 0x00000000d5580000)
  object space 68608K, 62% used [0x0000000080000000,0x000000008298f818,0x0000000084300000)
 Metaspace       used 41407K, committed 42496K, reserved 1114112K
  class space    used 4085K, committed 4608K, reserved 1048576K
}
Event: 8.224 GC heap before
{Heap before GC invocations=29 (full 2):
 PSYoungGen      total 24064K, used 23616K [0x00000000d5580000, 0x00000000d7080000, 0x0000000100000000)
  eden space 22016K, 100% used [0x00000000d5580000,0x00000000d6b00000,0x00000000d6b00000)
  from space 2048K, 78% used [0x00000000d6e80000,0x00000000d7010060,0x00000000d7080000)
  to   space 2560K, 0% used [0x00000000d6b80000,0x00000000d6b80000,0x00000000d6e00000)
 ParOldGen       total 68608K, used 42558K [0x0000000080000000, 0x0000000084300000, 0x00000000d5580000)
  object space 68608K, 62% used [0x0000000080000000,0x000000008298f818,0x0000000084300000)
 Metaspace       used 41860K, committed 42880K, reserved 1114112K
  class space    used 4118K, committed 4608K, reserved 1048576K
}
Event: 8.227 GC heap after
{Heap after GC invocations=29 (full 2):
 PSYoungGen      total 24064K, used 1665K [0x00000000d5580000, 0x00000000d6f00000, 0x0000000100000000)
  eden space 22016K, 0% used [0x00000000d5580000,0x00000000d5580000,0x00000000d6b00000)
  from space 2048K, 81% used [0x00000000d6b80000,0x00000000d6d20420,0x00000000d6d80000)
  to   space 1536K, 0% used [0x00000000d6d80000,0x00000000d6d80000,0x00000000d6f00000)
 ParOldGen       total 68608K, used 44042K [0x0000000080000000, 0x0000000084300000, 0x00000000d5580000)
  object space 68608K, 64% used [0x0000000080000000,0x0000000082b02888,0x0000000084300000)
 Metaspace       used 41860K, committed 42880K, reserved 1114112K
  class space    used 4118K, committed 4608K, reserved 1048576K
}
Event: 9.236 GC heap before
{Heap before GC invocations=30 (full 2):
 PSYoungGen      total 24064K, used 23681K [0x00000000d5580000, 0x00000000d6f00000, 0x0000000100000000)
  eden space 22016K, 100% used [0x00000000d5580000,0x00000000d6b00000,0x00000000d6b00000)
  from space 2048K, 81% used [0x00000000d6b80000,0x00000000d6d20420,0x00000000d6d80000)
  to   space 1536K, 0% used [0x00000000d6d80000,0x00000000d6d80000,0x00000000d6f00000)
 ParOldGen       total 68608K, used 44042K [0x0000000080000000, 0x0000000084300000, 0x00000000d5580000)
  object space 68608K, 64% used [0x0000000080000000,0x0000000082b02888,0x0000000084300000)
 Metaspace       used 42417K, committed 43456K, reserved 1114112K
  class space    used 4163K, committed 4672K, reserved 1048576K
}
Event: 9.239 GC heap after
{Heap after GC invocations=30 (full 2):
 PSYoungGen      total 22016K, used 1514K [0x00000000d5580000, 0x00000000d7300000, 0x0000000100000000)
  eden space 20480K, 0% used [0x00000000d5580000,0x00000000d5580000,0x00000000d6980000)
  from space 1536K, 98% used [0x00000000d6d80000,0x00000000d6efa8c0,0x00000000d6f00000)
  to   space 4096K, 0% used [0x00000000d6980000,0x00000000d6980000,0x00000000d6d80000)
 ParOldGen       total 68608K, used 45884K [0x0000000080000000, 0x0000000084300000, 0x00000000d5580000)
  object space 68608K, 66% used [0x0000000080000000,0x0000000082ccf300,0x0000000084300000)
 Metaspace       used 42417K, committed 43456K, reserved 1114112K
  class space    used 4163K, committed 4672K, reserved 1048576K
}
Event: 9.392 GC heap before
{Heap before GC invocations=31 (full 2):
 PSYoungGen      total 22016K, used 21994K [0x00000000d5580000, 0x00000000d7300000, 0x0000000100000000)
  eden space 20480K, 100% used [0x00000000d5580000,0x00000000d6980000,0x00000000d6980000)
  from space 1536K, 98% used [0x00000000d6d80000,0x00000000d6efa8c0,0x00000000d6f00000)
  to   space 4096K, 0% used [0x00000000d6980000,0x00000000d6980000,0x00000000d6d80000)
 ParOldGen       total 68608K, used 45884K [0x0000000080000000, 0x0000000084300000, 0x00000000d5580000)
  object space 68608K, 66% used [0x0000000080000000,0x0000000082ccf300,0x0000000084300000)
 Metaspace       used 43744K, committed 44864K, reserved 1114112K
  class space    used 4296K, committed 4800K, reserved 1048576K
}
Event: 9.395 GC heap after
{Heap after GC invocations=31 (full 2):
 PSYoungGen      total 23552K, used 2889K [0x00000000d5580000, 0x00000000d6f80000, 0x0000000100000000)
  eden space 20480K, 0% used [0x00000000d5580000,0x00000000d5580000,0x00000000d6980000)
  from space 3072K, 94% used [0x00000000d6980000,0x00000000d6c526a8,0x00000000d6c80000)
  to   space 3072K, 0% used [0x00000000d6c80000,0x00000000d6c80000,0x00000000d6f80000)
 ParOldGen       total 68608K, used 47351K [0x0000000080000000, 0x0000000084300000, 0x00000000d5580000)
  object space 68608K, 69% used [0x0000000080000000,0x0000000082e3ded0,0x0000000084300000)
 Metaspace       used 43744K, committed 44864K, reserved 1114112K
  class space    used 4296K, committed 4800K, reserved 1048576K
}

