# JRE version: OpenJDK Runtime Environment Temurin-21.0.8+9 (21.0.8+9) (build 21.0.8+9-LTS)
# Java VM: OpenJDK 64-Bit Server VM Temurin-21.0.8+9 (21.0.8+9-LTS, mixed mode, sharing, tiered, compressed oops, compressed class ptrs, parallel gc, windows-amd64)
GC Precious Log:
 CardTable entry size: 512
 CPUs: 8 total, 8 available
 Memory: 16191M
 Large Page Support: Disabled
 NUMA Support: Disabled
 Compressed Oops: Enabled (32-bit)
 Alignments: Space 512K, Generation 512K, Heap 2M
 Heap Min Capacity: 100M
 Heap Initial Capacity: 100M
 Heap Max Capacity: 2G
 Pre-touch: Disabled
 Parallel Workers: 8
Heap:
 PSYoungGen      total 23040K, used 15299K [0x00000000d5580000, 0x00000000d7600000, 0x0000000100000000)
  eden space 21504K, 64% used [0x00000000d5580000,0x00000000d62f0cd0,0x00000000d6a80000)
  from space 1536K, 100% used [0x00000000d7000000,0x00000000d7180000,0x00000000d7180000)
  to   space 5632K, 0% used [0x00000000d6a80000,0x00000000d6a80000,0x00000000d7000000)
 ParOldGen       total 68608K, used 24398K [0x0000000080000000, 0x0000000084300000, 0x00000000d5580000)
  object space 68608K, 35% used [0x0000000080000000,0x00000000817d38a8,0x0000000084300000)
 Metaspace       used 39550K, committed 40768K, reserved 1114112K
  class space    used 4189K, committed 4736K, reserved 1048576K
GC Heap History (20 events):
Event: 3.590 GC heap before
{Heap before GC invocations=9 (full 1):
 PSYoungGen      total 29184K, used 24576K [0x00000000d5580000, 0x00000000d7680000, 0x0000000100000000)
  eden space 24576K, 100% used [0x00000000d5580000,0x00000000d6d80000,0x00000000d6d80000)
  from space 4608K, 0% used [0x00000000d6e80000,0x00000000d6e80000,0x00000000d7300000)
  to   space 3584K, 0% used [0x00000000d7300000,0x00000000d7300000,0x00000000d7680000)
 ParOldGen       total 68608K, used 13139K [0x0000000080000000, 0x0000000084300000, 0x00000000d5580000)
  object space 68608K, 19% used [0x0000000080000000,0x0000000080cd4fc0,0x0000000084300000)
 Metaspace       used 22740K, committed 23680K, reserved 1114112K
  class space    used 2387K, committed 2816K, reserved 1048576K
}
Event: 3.591 GC heap after
{Heap after GC invocations=9 (full 1):
 PSYoungGen      total 25600K, used 1195K [0x00000000d5580000, 0x00000000d7480000, 0x0000000100000000)
  eden space 24064K, 0% used [0x00000000d5580000,0x00000000d5580000,0x00000000d6d00000)
  from space 1536K, 77% used [0x00000000d7300000,0x00000000d742ad50,0x00000000d7480000)
  to   space 2560K, 0% used [0x00000000d6f80000,0x00000000d6f80000,0x00000000d7200000)
 ParOldGen       total 68608K, used 13147K [0x0000000080000000, 0x0000000084300000, 0x00000000d5580000)
  object space 68608K, 19% used [0x0000000080000000,0x0000000080cd6fc0,0x0000000084300000)
 Metaspace       used 22740K, committed 23680K, reserved 1114112K
  class space    used 2387K, committed 2816K, reserved 1048576K
}
Event: 3.814 GC heap before
{Heap before GC invocations=10 (full 1):
 PSYoungGen      total 25600K, used 25259K [0x00000000d5580000, 0x00000000d7480000, 0x0000000100000000)
  eden space 24064K, 100% used [0x00000000d5580000,0x00000000d6d00000,0x00000000d6d00000)
  from space 1536K, 77% used [0x00000000d7300000,0x00000000d742ad50,0x00000000d7480000)
  to   space 2560K, 0% used [0x00000000d6f80000,0x00000000d6f80000,0x00000000d7200000)
 ParOldGen       total 68608K, used 13147K [0x0000000080000000, 0x0000000084300000, 0x00000000d5580000)
  object space 68608K, 19% used [0x0000000080000000,0x0000000080cd6fc0,0x0000000084300000)
 Metaspace       used 26411K, committed 27328K, reserved 1114112K
  class space    used 2656K, committed 3072K, reserved 1048576K
}
Event: 3.816 GC heap after
{Heap after GC invocations=10 (full 1):
 PSYoungGen      total 26112K, used 1398K [0x00000000d5580000, 0x00000000d7380000, 0x0000000100000000)
  eden space 23552K, 0% used [0x00000000d5580000,0x00000000d5580000,0x00000000d6c80000)
  from space 2560K, 54% used [0x00000000d6f80000,0x00000000d70dda88,0x00000000d7200000)
  to   space 1536K, 0% used [0x00000000d7200000,0x00000000d7200000,0x00000000d7380000)
 ParOldGen       total 68608K, used 13155K [0x0000000080000000, 0x0000000084300000, 0x00000000d5580000)
  object space 68608K, 19% used [0x0000000080000000,0x0000000080cd8fc0,0x0000000084300000)
 Metaspace       used 26411K, committed 27328K, reserved 1114112K
  class space    used 2656K, committed 3072K, reserved 1048576K
}
Event: 4.048 GC heap before
{Heap before GC invocations=11 (full 1):
 PSYoungGen      total 26112K, used 24950K [0x00000000d5580000, 0x00000000d7380000, 0x0000000100000000)
  eden space 23552K, 100% used [0x00000000d5580000,0x00000000d6c80000,0x00000000d6c80000)
  from space 2560K, 54% used [0x00000000d6f80000,0x00000000d70dda88,0x00000000d7200000)
  to   space 1536K, 0% used [0x00000000d7200000,0x00000000d7200000,0x00000000d7380000)
 ParOldGen       total 68608K, used 13155K [0x0000000080000000, 0x0000000084300000, 0x00000000d5580000)
  object space 68608K, 19% used [0x0000000080000000,0x0000000080cd8fc0,0x0000000084300000)
 Metaspace       used 28057K, committed 29056K, reserved 1114112K
  class space    used 2782K, committed 3200K, reserved 1048576K
}
Event: 4.050 GC heap after
{Heap after GC invocations=11 (full 1):
 PSYoungGen      total 24576K, used 1070K [0x00000000d5580000, 0x00000000d7380000, 0x0000000100000000)
  eden space 23040K, 0% used [0x00000000d5580000,0x00000000d5580000,0x00000000d6c00000)
  from space 1536K, 69% used [0x00000000d7200000,0x00000000d730b890,0x00000000d7380000)
  to   space 1536K, 0% used [0x00000000d7080000,0x00000000d7080000,0x00000000d7200000)
 ParOldGen       total 68608K, used 15755K [0x0000000080000000, 0x0000000084300000, 0x00000000d5580000)
  object space 68608K, 22% used [0x0000000080000000,0x0000000080f62fe8,0x0000000084300000)
 Metaspace       used 28057K, committed 29056K, reserved 1114112K
  class space    used 2782K, committed 3200K, reserved 1048576K
}
Event: 4.416 GC heap before
{Heap before GC invocations=12 (full 1):
 PSYoungGen      total 24576K, used 24110K [0x00000000d5580000, 0x00000000d7380000, 0x0000000100000000)
  eden space 23040K, 100% used [0x00000000d5580000,0x00000000d6c00000,0x00000000d6c00000)
  from space 1536K, 69% used [0x00000000d7200000,0x00000000d730b890,0x00000000d7380000)
  to   space 1536K, 0% used [0x00000000d7080000,0x00000000d7080000,0x00000000d7200000)
 ParOldGen       total 68608K, used 15755K [0x0000000080000000, 0x0000000084300000, 0x00000000d5580000)
  object space 68608K, 22% used [0x0000000080000000,0x0000000080f62fe8,0x0000000084300000)
 Metaspace       used 31324K, committed 32512K, reserved 1114112K
  class space    used 3138K, committed 3648K, reserved 1048576K
}
Event: 4.420 GC heap after
{Heap after GC invocations=12 (full 1):
 PSYoungGen      total 24064K, used 1533K [0x00000000d5580000, 0x00000000d7380000, 0x0000000100000000)
  eden space 22528K, 0% used [0x00000000d5580000,0x00000000d5580000,0x00000000d6b80000)
  from space 1536K, 99% used [0x00000000d7080000,0x00000000d71ff6f8,0x00000000d7200000)
  to   space 1536K, 0% used [0x00000000d7200000,0x00000000d7200000,0x00000000d7380000)
 ParOldGen       total 68608K, used 17689K [0x0000000080000000, 0x0000000084300000, 0x00000000d5580000)
  object space 68608K, 25% used [0x0000000080000000,0x00000000811467a0,0x0000000084300000)
 Metaspace       used 31324K, committed 32512K, reserved 1114112K
  class space    used 3138K, committed 3648K, reserved 1048576K
}
Event: 4.723 GC heap before
{Heap before GC invocations=13 (full 1):
 PSYoungGen      total 24064K, used 24061K [0x00000000d5580000, 0x00000000d7380000, 0x0000000100000000)
  eden space 22528K, 99% used [0x00000000d5580000,0x00000000d6b7fff8,0x00000000d6b80000)
  from space 1536K, 99% used [0x00000000d7080000,0x00000000d71ff6f8,0x00000000d7200000)
  to   space 1536K, 0% used [0x00000000d7200000,0x00000000d7200000,0x00000000d7380000)
 ParOldGen       total 68608K, used 17689K [0x0000000080000000, 0x0000000084300000, 0x00000000d5580000)
  object space 68608K, 25% used [0x0000000080000000,0x00000000811467a0,0x0000000084300000)
 Metaspace       used 34066K, committed 35264K, reserved 1114112K
  class space    used 3492K, committed 4032K, reserved 1048576K
}
Event: 4.732 GC heap after
{Heap after GC invocations=13 (full 1):
 PSYoungGen      total 23552K, used 1536K [0x00000000d5580000, 0x00000000d7380000, 0x0000000100000000)
  eden space 22016K, 0% used [0x00000000d5580000,0x00000000d5580000,0x00000000d6b00000)
  from space 1536K, 100% used [0x00000000d7200000,0x00000000d7380000,0x00000000d7380000)
  to   space 3584K, 0% used [0x00000000d6c80000,0x00000000d6c80000,0x00000000d7000000)
 ParOldGen       total 68608K, used 19475K [0x0000000080000000, 0x0000000084300000, 0x00000000d5580000)
  object space 68608K, 28% used [0x0000000080000000,0x0000000081304d88,0x0000000084300000)
 Metaspace       used 34066K, committed 35264K, reserved 1114112K
  class space    used 3492K, committed 4032K, reserved 1048576K
}
Event: 4.853 GC heap before
{Heap before GC invocations=14 (full 1):
 PSYoungGen      total 23552K, used 6973K [0x00000000d5580000, 0x00000000d7380000, 0x0000000100000000)
  eden space 22016K, 24% used [0x00000000d5580000,0x00000000d5acf458,0x00000000d6b00000)
  from space 1536K, 100% used [0x00000000d7200000,0x00000000d7380000,0x00000000d7380000)
  to   space 3584K, 0% used [0x00000000d6c80000,0x00000000d6c80000,0x00000000d7000000)
 ParOldGen       total 68608K, used 19475K [0x0000000080000000, 0x0000000084300000, 0x00000000d5580000)
  object space 68608K, 28% used [0x0000000080000000,0x0000000081304d88,0x0000000084300000)
 Metaspace       used 34686K, committed 35840K, reserved 1114112K
  class space    used 3572K, committed 4096K, reserved 1048576K
}
Event: 4.855 GC heap after
{Heap after GC invocations=14 (full 1):
 PSYoungGen      total 25600K, used 416K [0x00000000d5580000, 0x00000000d7280000, 0x0000000100000000)
  eden space 22016K, 0% used [0x00000000d5580000,0x00000000d5580000,0x00000000d6b00000)
  from space 3584K, 11% used [0x00000000d6c80000,0x00000000d6ce8000,0x00000000d7000000)
  to   space 1536K, 0% used [0x00000000d7100000,0x00000000d7100000,0x00000000d7280000)
 ParOldGen       total 68608K, used 20947K [0x0000000080000000, 0x0000000084300000, 0x00000000d5580000)
  object space 68608K, 30% used [0x0000000080000000,0x0000000081474da8,0x0000000084300000)
 Metaspace       used 34686K, committed 35840K, reserved 1114112K
  class space    used 3572K, committed 4096K, reserved 1048576K
}
Event: 4.855 GC heap before
{Heap before GC invocations=15 (full 2):
 PSYoungGen      total 25600K, used 416K [0x00000000d5580000, 0x00000000d7280000, 0x0000000100000000)
  eden space 22016K, 0% used [0x00000000d5580000,0x00000000d5580000,0x00000000d6b00000)
  from space 3584K, 11% used [0x00000000d6c80000,0x00000000d6ce8000,0x00000000d7000000)
  to   space 1536K, 0% used [0x00000000d7100000,0x00000000d7100000,0x00000000d7280000)
 ParOldGen       total 68608K, used 20947K [0x0000000080000000, 0x0000000084300000, 0x00000000d5580000)
  object space 68608K, 30% used [0x0000000080000000,0x0000000081474da8,0x0000000084300000)
 Metaspace       used 34686K, committed 35840K, reserved 1114112K
  class space    used 3572K, committed 4096K, reserved 1048576K
}
Event: 4.895 GC heap after
{Heap after GC invocations=15 (full 2):
 PSYoungGen      total 25600K, used 0K [0x00000000d5580000, 0x00000000d7280000, 0x0000000100000000)
  eden space 22016K, 0% used [0x00000000d5580000,0x00000000d5580000,0x00000000d6b00000)
  from space 3584K, 0% used [0x00000000d6c80000,0x00000000d6c80000,0x00000000d7000000)
  to   space 1536K, 0% used [0x00000000d7100000,0x00000000d7100000,0x00000000d7280000)
 ParOldGen       total 68608K, used 19959K [0x0000000080000000, 0x0000000084300000, 0x00000000d5580000)
  object space 68608K, 29% used [0x0000000080000000,0x000000008137dd38,0x0000000084300000)
 Metaspace       used 34686K, committed 35840K, reserved 1114112K
  class space    used 3572K, committed 4096K, reserved 1048576K
}
Event: 5.175 GC heap before
{Heap before GC invocations=16 (full 2):
 PSYoungGen      total 25600K, used 22016K [0x00000000d5580000, 0x00000000d7280000, 0x0000000100000000)
  eden space 22016K, 100% used [0x00000000d5580000,0x00000000d6b00000,0x00000000d6b00000)
  from space 3584K, 0% used [0x00000000d6c80000,0x00000000d6c80000,0x00000000d7000000)
  to   space 1536K, 0% used [0x00000000d7100000,0x00000000d7100000,0x00000000d7280000)
 ParOldGen       total 68608K, used 19959K [0x0000000080000000, 0x0000000084300000, 0x00000000d5580000)
  object space 68608K, 29% used [0x0000000080000000,0x000000008137dd38,0x0000000084300000)
 Metaspace       used 37065K, committed 38272K, reserved 1114112K
  class space    used 3881K, committed 4416K, reserved 1048576K
}
Event: 5.178 GC heap after
{Heap after GC invocations=16 (full 2):
 PSYoungGen      total 23552K, used 1513K [0x00000000d5580000, 0x00000000d7280000, 0x0000000100000000)
  eden space 22016K, 0% used [0x00000000d5580000,0x00000000d5580000,0x00000000d6b00000)
  from space 1536K, 98% used [0x00000000d7100000,0x00000000d727a428,0x00000000d7280000)
  to   space 2048K, 0% used [0x00000000d6e80000,0x00000000d6e80000,0x00000000d7080000)
 ParOldGen       total 68608K, used 20047K [0x0000000080000000, 0x0000000084300000, 0x00000000d5580000)
  object space 68608K, 29% used [0x0000000080000000,0x0000000081393d38,0x0000000084300000)
 Metaspace       used 37065K, committed 38272K, reserved 1114112K
  class space    used 3881K, committed 4416K, reserved 1048576K
}
Event: 5.429 GC heap before
{Heap before GC invocations=17 (full 2):
 PSYoungGen      total 23552K, used 23529K [0x00000000d5580000, 0x00000000d7280000, 0x0000000100000000)
  eden space 22016K, 100% used [0x00000000d5580000,0x00000000d6b00000,0x00000000d6b00000)
  from space 1536K, 98% used [0x00000000d7100000,0x00000000d727a428,0x00000000d7280000)
  to   space 2048K, 0% used [0x00000000d6e80000,0x00000000d6e80000,0x00000000d7080000)
 ParOldGen       total 68608K, used 20047K [0x0000000080000000, 0x0000000084300000, 0x00000000d5580000)
  object space 68608K, 29% used [0x0000000080000000,0x0000000081393d38,0x0000000084300000)
 Metaspace       used 37924K, committed 39168K, reserved 1114112K
  class space    used 3989K, committed 4544K, reserved 1048576K
}
Event: 5.432 GC heap after
{Heap after GC invocations=17 (full 2):
 PSYoungGen      total 23040K, used 861K [0x00000000d5580000, 0x00000000d7180000, 0x0000000100000000)
  eden space 22016K, 0% used [0x00000000d5580000,0x00000000d5580000,0x00000000d6b00000)
  from space 1024K, 84% used [0x00000000d6e80000,0x00000000d6f57620,0x00000000d6f80000)
  to   space 1536K, 0% used [0x00000000d7000000,0x00000000d7000000,0x00000000d7180000)
 ParOldGen       total 68608K, used 21221K [0x0000000080000000, 0x0000000084300000, 0x00000000d5580000)
  object space 68608K, 30% used [0x0000000080000000,0x00000000814b94d0,0x0000000084300000)
 Metaspace       used 37924K, committed 39168K, reserved 1114112K
  class space    used 3989K, committed 4544K, reserved 1048576K
}
Event: 5.801 GC heap before
{Heap before GC invocations=18 (full 2):
 PSYoungGen      total 23040K, used 22877K [0x00000000d5580000, 0x00000000d7180000, 0x0000000100000000)
  eden space 22016K, 100% used [0x00000000d5580000,0x00000000d6b00000,0x00000000d6b00000)
  from space 1024K, 84% used [0x00000000d6e80000,0x00000000d6f57620,0x00000000d6f80000)
  to   space 1536K, 0% used [0x00000000d7000000,0x00000000d7000000,0x00000000d7180000)
 ParOldGen       total 68608K, used 21221K [0x0000000080000000, 0x0000000084300000, 0x00000000d5580000)
  object space 68608K, 30% used [0x0000000080000000,0x00000000814b94d0,0x0000000084300000)
 Metaspace       used 39344K, committed 40640K, reserved 1114112K
  class space    used 4165K, committed 4736K, reserved 1048576K
}
Event: 5.805 GC heap after
{Heap after GC invocations=18 (full 2):
 PSYoungGen      total 23040K, used 1536K [0x00000000d5580000, 0x00000000d7600000, 0x0000000100000000)
  eden space 21504K, 0% used [0x00000000d5580000,0x00000000d5580000,0x00000000d6a80000)
  from space 1536K, 100% used [0x00000000d7000000,0x00000000d7180000,0x00000000d7180000)
  to   space 5632K, 0% used [0x00000000d6a80000,0x00000000d6a80000,0x00000000d7000000)
 ParOldGen       total 68608K, used 24398K [0x0000000080000000, 0x0000000084300000, 0x00000000d5580000)
  object space 68608K, 35% used [0x0000000080000000,0x00000000817d38a8,0x0000000084300000)
 Metaspace       used 39344K, committed 40640K, reserved 1114112K
  class space    used 4165K, committed 4736K, reserved 1048576K
}

