# JRE version: OpenJDK Runtime Environment Temurin-21.0.7+6 (21.0.7+6) (build 21.0.7+6-LTS)
# Java VM: OpenJDK 64-Bit Server VM Temurin-21.0.7+6 (21.0.7+6-LTS, mixed mode, sharing, tiered, compressed oops, compressed class ptrs, parallel gc, windows-amd64)
GC Precious Log:
 CardTable entry size: 512
 CPUs: 8 total, 8 available
 Memory: 16191M
 Large Page Support: Disabled
 NUMA Support: Disabled
 Compressed Oops: Enabled (32-bit)
 Alignments: Space 512K, Generation 512K, Heap 2M
 Heap Min Capacity: 100M
 Heap Initial Capacity: 100M
 Heap Max Capacity: 2G
 Pre-touch: Disabled
 Parallel Workers: 8
Heap:
 PSYoungGen      total 4608K, used 2993K [0x00000000d5580000, 0x00000000d5b00000, 0x0000000100000000)
  eden space 3584K, 59% used [0x00000000d5580000,0x00000000d5794598,0x00000000d5900000)
  from space 1024K, 84% used [0x00000000d5900000,0x00000000d59d8000,0x00000000d5a00000)
  to   space 1024K, 0% used [0x00000000d5a00000,0x00000000d5a00000,0x00000000d5b00000)
 ParOldGen       total 428032K, used 388882K [0x0000000080000000, 0x000000009a200000, 0x00000000d5580000)
  object space 428032K, 90% used [0x0000000080000000,0x0000000097bc48a0,0x000000009a200000)
 Metaspace       used 61250K, committed 62592K, reserved 1114112K
  class space    used 6148K, committed 6784K, reserved 1048576K
GC Heap History (20 events):
Event: 10.236 GC heap before
{Heap before GC invocations=422 (full 3):
 PSYoungGen      total 4608K, used 4608K [0x00000000d5580000, 0x00000000d5f80000, 0x0000000100000000)
  eden space 3584K, 100% used [0x00000000d5580000,0x00000000d5900000,0x00000000d5900000)
  from space 1024K, 100% used [0x00000000d5b80000,0x00000000d5c80000,0x00000000d5c80000)
  to   space 2560K, 0% used [0x00000000d5900000,0x00000000d5900000,0x00000000d5b80000)
 ParOldGen       total 428032K, used 377421K [0x0000000080000000, 0x000000009a200000, 0x00000000d5580000)
  object space 428032K, 88% used [0x0000000080000000,0x0000000097093610,0x000000009a200000)
 Metaspace       used 60599K, committed 62016K, reserved 1114112K
  class space    used 6127K, committed 6784K, reserved 1048576K
}
Event: 10.239 GC heap after
{Heap after GC invocations=422 (full 3):
 PSYoungGen      total 4608K, used 832K [0x00000000d5580000, 0x00000000d5c00000, 0x0000000100000000)
  eden space 3584K, 0% used [0x00000000d5580000,0x00000000d5580000,0x00000000d5900000)
  from space 1024K, 81% used [0x00000000d5900000,0x00000000d59d0000,0x00000000d5a00000)
  to   space 1536K, 0% used [0x00000000d5a80000,0x00000000d5a80000,0x00000000d5c00000)
 ParOldGen       total 428032K, used 378420K [0x0000000080000000, 0x000000009a200000, 0x00000000d5580000)
  object space 428032K, 88% used [0x0000000080000000,0x000000009718d280,0x000000009a200000)
 Metaspace       used 60599K, committed 62016K, reserved 1114112K
  class space    used 6127K, committed 6784K, reserved 1048576K
}
Event: 10.337 GC heap before
{Heap before GC invocations=423 (full 3):
 PSYoungGen      total 4608K, used 4416K [0x00000000d5580000, 0x00000000d5c00000, 0x0000000100000000)
  eden space 3584K, 100% used [0x00000000d5580000,0x00000000d5900000,0x00000000d5900000)
  from space 1024K, 81% used [0x00000000d5900000,0x00000000d59d0000,0x00000000d5a00000)
  to   space 1536K, 0% used [0x00000000d5a80000,0x00000000d5a80000,0x00000000d5c00000)
 ParOldGen       total 428032K, used 378420K [0x0000000080000000, 0x000000009a200000, 0x00000000d5580000)
  object space 428032K, 88% used [0x0000000080000000,0x000000009718d280,0x000000009a200000)
 Metaspace       used 60703K, committed 62080K, reserved 1114112K
  class space    used 6140K, committed 6784K, reserved 1048576K
}
Event: 10.340 GC heap after
{Heap after GC invocations=423 (full 3):
 PSYoungGen      total 4608K, used 864K [0x00000000d5580000, 0x00000000d5b80000, 0x0000000100000000)
  eden space 3584K, 0% used [0x00000000d5580000,0x00000000d5580000,0x00000000d5900000)
  from space 1024K, 84% used [0x00000000d5a80000,0x00000000d5b58000,0x00000000d5b80000)
  to   space 1024K, 0% used [0x00000000d5900000,0x00000000d5900000,0x00000000d5a00000)
 ParOldGen       total 428032K, used 379137K [0x0000000080000000, 0x000000009a200000, 0x00000000d5580000)
  object space 428032K, 88% used [0x0000000080000000,0x0000000097240440,0x000000009a200000)
 Metaspace       used 60703K, committed 62080K, reserved 1114112K
  class space    used 6140K, committed 6784K, reserved 1048576K
}
Event: 10.401 GC heap before
{Heap before GC invocations=424 (full 3):
 PSYoungGen      total 4608K, used 4448K [0x00000000d5580000, 0x00000000d5b80000, 0x0000000100000000)
  eden space 3584K, 100% used [0x00000000d5580000,0x00000000d5900000,0x00000000d5900000)
  from space 1024K, 84% used [0x00000000d5a80000,0x00000000d5b58000,0x00000000d5b80000)
  to   space 1024K, 0% used [0x00000000d5900000,0x00000000d5900000,0x00000000d5a00000)
 ParOldGen       total 428032K, used 379137K [0x0000000080000000, 0x000000009a200000, 0x00000000d5580000)
  object space 428032K, 88% used [0x0000000080000000,0x0000000097240440,0x000000009a200000)
 Metaspace       used 60740K, committed 62144K, reserved 1114112K
  class space    used 6142K, committed 6784K, reserved 1048576K
}
Event: 10.404 GC heap after
{Heap after GC invocations=424 (full 3):
 PSYoungGen      total 4608K, used 1024K [0x00000000d5580000, 0x00000000d5e00000, 0x0000000100000000)
  eden space 3584K, 0% used [0x00000000d5580000,0x00000000d5580000,0x00000000d5900000)
  from space 1024K, 100% used [0x00000000d5900000,0x00000000d5a00000,0x00000000d5a00000)
  to   space 2560K, 0% used [0x00000000d5b80000,0x00000000d5b80000,0x00000000d5e00000)
 ParOldGen       total 428032K, used 380008K [0x0000000080000000, 0x000000009a200000, 0x00000000d5580000)
  object space 428032K, 88% used [0x0000000080000000,0x000000009731a070,0x000000009a200000)
 Metaspace       used 60740K, committed 62144K, reserved 1114112K
  class space    used 6142K, committed 6784K, reserved 1048576K
}
Event: 10.450 GC heap before
{Heap before GC invocations=425 (full 3):
 PSYoungGen      total 4608K, used 4608K [0x00000000d5580000, 0x00000000d5e00000, 0x0000000100000000)
  eden space 3584K, 100% used [0x00000000d5580000,0x00000000d5900000,0x00000000d5900000)
  from space 1024K, 100% used [0x00000000d5900000,0x00000000d5a00000,0x00000000d5a00000)
  to   space 2560K, 0% used [0x00000000d5b80000,0x00000000d5b80000,0x00000000d5e00000)
 ParOldGen       total 428032K, used 380008K [0x0000000080000000, 0x000000009a200000, 0x00000000d5580000)
  object space 428032K, 88% used [0x0000000080000000,0x000000009731a070,0x000000009a200000)
 Metaspace       used 60781K, committed 62144K, reserved 1114112K
  class space    used 6142K, committed 6784K, reserved 1048576K
}
Event: 10.453 GC heap after
{Heap after GC invocations=425 (full 3):
 PSYoungGen      total 4608K, used 942K [0x00000000d5580000, 0x00000000d5c80000, 0x0000000100000000)
  eden space 3584K, 0% used [0x00000000d5580000,0x00000000d5580000,0x00000000d5900000)
  from space 1024K, 92% used [0x00000000d5b80000,0x00000000d5c6bba0,0x00000000d5c80000)
  to   space 1536K, 0% used [0x00000000d5980000,0x00000000d5980000,0x00000000d5b00000)
 ParOldGen       total 428032K, used 380968K [0x0000000080000000, 0x000000009a200000, 0x00000000d5580000)
  object space 428032K, 89% used [0x0000000080000000,0x000000009740a090,0x000000009a200000)
 Metaspace       used 60781K, committed 62144K, reserved 1114112K
  class space    used 6142K, committed 6784K, reserved 1048576K
}
Event: 10.471 GC heap before
{Heap before GC invocations=426 (full 3):
 PSYoungGen      total 4608K, used 4526K [0x00000000d5580000, 0x00000000d5c80000, 0x0000000100000000)
  eden space 3584K, 100% used [0x00000000d5580000,0x00000000d5900000,0x00000000d5900000)
  from space 1024K, 92% used [0x00000000d5b80000,0x00000000d5c6bba0,0x00000000d5c80000)
  to   space 1536K, 0% used [0x00000000d5980000,0x00000000d5980000,0x00000000d5b00000)
 ParOldGen       total 428032K, used 380968K [0x0000000080000000, 0x000000009a200000, 0x00000000d5580000)
  object space 428032K, 89% used [0x0000000080000000,0x000000009740a090,0x000000009a200000)
 Metaspace       used 60817K, committed 62208K, reserved 1114112K
  class space    used 6142K, committed 6784K, reserved 1048576K
}
Event: 10.474 GC heap after
{Heap after GC invocations=426 (full 3):
 PSYoungGen      total 5120K, used 756K [0x00000000d5580000, 0x00000000d5c00000, 0x0000000100000000)
  eden space 3584K, 0% used [0x00000000d5580000,0x00000000d5580000,0x00000000d5900000)
  from space 1536K, 49% used [0x00000000d5980000,0x00000000d5a3d010,0x00000000d5b00000)
  to   space 1024K, 0% used [0x00000000d5b00000,0x00000000d5b00000,0x00000000d5c00000)
 ParOldGen       total 428032K, used 381769K [0x0000000080000000, 0x000000009a200000, 0x00000000d5580000)
  object space 428032K, 89% used [0x0000000080000000,0x00000000974d2680,0x000000009a200000)
 Metaspace       used 60817K, committed 62208K, reserved 1114112K
  class space    used 6142K, committed 6784K, reserved 1048576K
}
Event: 10.514 GC heap before
{Heap before GC invocations=427 (full 3):
 PSYoungGen      total 5120K, used 4340K [0x00000000d5580000, 0x00000000d5c00000, 0x0000000100000000)
  eden space 3584K, 100% used [0x00000000d5580000,0x00000000d5900000,0x00000000d5900000)
  from space 1536K, 49% used [0x00000000d5980000,0x00000000d5a3d010,0x00000000d5b00000)
  to   space 1024K, 0% used [0x00000000d5b00000,0x00000000d5b00000,0x00000000d5c00000)
 ParOldGen       total 428032K, used 381769K [0x0000000080000000, 0x000000009a200000, 0x00000000d5580000)
  object space 428032K, 89% used [0x0000000080000000,0x00000000974d2680,0x000000009a200000)
 Metaspace       used 60819K, committed 62208K, reserved 1114112K
  class space    used 6142K, committed 6784K, reserved 1048576K
}
Event: 10.516 GC heap after
{Heap after GC invocations=427 (full 3):
 PSYoungGen      total 4608K, used 1024K [0x00000000d5580000, 0x00000000d5d00000, 0x0000000100000000)
  eden space 3584K, 0% used [0x00000000d5580000,0x00000000d5580000,0x00000000d5900000)
  from space 1024K, 100% used [0x00000000d5b00000,0x00000000d5c00000,0x00000000d5c00000)
  to   space 2048K, 0% used [0x00000000d5900000,0x00000000d5900000,0x00000000d5b00000)
 ParOldGen       total 428032K, used 382587K [0x0000000080000000, 0x000000009a200000, 0x00000000d5580000)
  object space 428032K, 89% used [0x0000000080000000,0x000000009759ef10,0x000000009a200000)
 Metaspace       used 60819K, committed 62208K, reserved 1114112K
  class space    used 6142K, committed 6784K, reserved 1048576K
}
Event: 10.603 GC heap before
{Heap before GC invocations=428 (full 3):
 PSYoungGen      total 4608K, used 4608K [0x00000000d5580000, 0x00000000d5d00000, 0x0000000100000000)
  eden space 3584K, 100% used [0x00000000d5580000,0x00000000d5900000,0x00000000d5900000)
  from space 1024K, 100% used [0x00000000d5b00000,0x00000000d5c00000,0x00000000d5c00000)
  to   space 2048K, 0% used [0x00000000d5900000,0x00000000d5900000,0x00000000d5b00000)
 ParOldGen       total 428032K, used 382587K [0x0000000080000000, 0x000000009a200000, 0x00000000d5580000)
  object space 428032K, 89% used [0x0000000080000000,0x000000009759ef10,0x000000009a200000)
 Metaspace       used 60899K, committed 62272K, reserved 1114112K
  class space    used 6144K, committed 6784K, reserved 1048576K
}
Event: 10.606 GC heap after
{Heap after GC invocations=428 (full 3):
 PSYoungGen      total 4608K, used 657K [0x00000000d5580000, 0x00000000d5c00000, 0x0000000100000000)
  eden space 3584K, 0% used [0x00000000d5580000,0x00000000d5580000,0x00000000d5900000)
  from space 1024K, 64% used [0x00000000d5900000,0x00000000d59a4628,0x00000000d5a00000)
  to   space 1536K, 0% used [0x00000000d5a80000,0x00000000d5a80000,0x00000000d5c00000)
 ParOldGen       total 428032K, used 383602K [0x0000000080000000, 0x000000009a200000, 0x00000000d5580000)
  object space 428032K, 89% used [0x0000000080000000,0x000000009769cba8,0x000000009a200000)
 Metaspace       used 60899K, committed 62272K, reserved 1114112K
  class space    used 6144K, committed 6784K, reserved 1048576K
}
Event: 10.665 GC heap before
{Heap before GC invocations=429 (full 3):
 PSYoungGen      total 4608K, used 4241K [0x00000000d5580000, 0x00000000d5c00000, 0x0000000100000000)
  eden space 3584K, 100% used [0x00000000d5580000,0x00000000d5900000,0x00000000d5900000)
  from space 1024K, 64% used [0x00000000d5900000,0x00000000d59a4628,0x00000000d5a00000)
  to   space 1536K, 0% used [0x00000000d5a80000,0x00000000d5a80000,0x00000000d5c00000)
 ParOldGen       total 428032K, used 383602K [0x0000000080000000, 0x000000009a200000, 0x00000000d5580000)
  object space 428032K, 89% used [0x0000000080000000,0x000000009769cba8,0x000000009a200000)
 Metaspace       used 60955K, committed 62336K, reserved 1114112K
  class space    used 6147K, committed 6784K, reserved 1048576K
}
Event: 10.668 GC heap after
{Heap after GC invocations=429 (full 3):
 PSYoungGen      total 4608K, used 576K [0x00000000d5580000, 0x00000000d5b80000, 0x0000000100000000)
  eden space 3584K, 0% used [0x00000000d5580000,0x00000000d5580000,0x00000000d5900000)
  from space 1024K, 56% used [0x00000000d5a80000,0x00000000d5b10010,0x00000000d5b80000)
  to   space 1024K, 0% used [0x00000000d5900000,0x00000000d5900000,0x00000000d5a00000)
 ParOldGen       total 428032K, used 384123K [0x0000000080000000, 0x000000009a200000, 0x00000000d5580000)
  object space 428032K, 89% used [0x0000000080000000,0x000000009771ed20,0x000000009a200000)
 Metaspace       used 60955K, committed 62336K, reserved 1114112K
  class space    used 6147K, committed 6784K, reserved 1048576K
}
Event: 10.809 GC heap before
{Heap before GC invocations=430 (full 3):
 PSYoungGen      total 4608K, used 4157K [0x00000000d5580000, 0x00000000d5b80000, 0x0000000100000000)
  eden space 3584K, 99% used [0x00000000d5580000,0x00000000d58ff6f8,0x00000000d5900000)
  from space 1024K, 56% used [0x00000000d5a80000,0x00000000d5b10010,0x00000000d5b80000)
  to   space 1024K, 0% used [0x00000000d5900000,0x00000000d5900000,0x00000000d5a00000)
 ParOldGen       total 428032K, used 384123K [0x0000000080000000, 0x000000009a200000, 0x00000000d5580000)
  object space 428032K, 89% used [0x0000000080000000,0x000000009771ed20,0x000000009a200000)
 Metaspace       used 61042K, committed 62400K, reserved 1114112K
  class space    used 6148K, committed 6784K, reserved 1048576K
}
Event: 10.810 GC heap after
{Heap after GC invocations=430 (full 3):
 PSYoungGen      total 4608K, used 544K [0x00000000d5580000, 0x00000000d5b00000, 0x0000000100000000)
  eden space 3584K, 0% used [0x00000000d5580000,0x00000000d5580000,0x00000000d5900000)
  from space 1024K, 53% used [0x00000000d5900000,0x00000000d5988000,0x00000000d5a00000)
  to   space 1024K, 0% used [0x00000000d5a00000,0x00000000d5a00000,0x00000000d5b00000)
 ParOldGen       total 428032K, used 384540K [0x0000000080000000, 0x000000009a200000, 0x00000000d5580000)
  object space 428032K, 89% used [0x0000000080000000,0x0000000097787130,0x000000009a200000)
 Metaspace       used 61042K, committed 62400K, reserved 1114112K
  class space    used 6148K, committed 6784K, reserved 1048576K
}
Event: 10.924 GC heap before
{Heap before GC invocations=431 (full 3):
 PSYoungGen      total 4608K, used 4128K [0x00000000d5580000, 0x00000000d5b00000, 0x0000000100000000)
  eden space 3584K, 100% used [0x00000000d5580000,0x00000000d5900000,0x00000000d5900000)
  from space 1024K, 53% used [0x00000000d5900000,0x00000000d5988000,0x00000000d5a00000)
  to   space 1024K, 0% used [0x00000000d5a00000,0x00000000d5a00000,0x00000000d5b00000)
 ParOldGen       total 428032K, used 384540K [0x0000000080000000, 0x000000009a200000, 0x00000000d5580000)
  object space 428032K, 89% used [0x0000000080000000,0x0000000097787130,0x000000009a200000)
 Metaspace       used 61085K, committed 62464K, reserved 1114112K
  class space    used 6148K, committed 6784K, reserved 1048576K
}
Event: 10.925 GC heap after
{Heap after GC invocations=431 (full 3):
 PSYoungGen      total 4608K, used 736K [0x00000000d5580000, 0x00000000d5b00000, 0x0000000100000000)
  eden space 3584K, 0% used [0x00000000d5580000,0x00000000d5580000,0x00000000d5900000)
  from space 1024K, 71% used [0x00000000d5a00000,0x00000000d5ab8000,0x00000000d5b00000)
  to   space 1024K, 0% used [0x00000000d5900000,0x00000000d5900000,0x00000000d5a00000)
 ParOldGen       total 428032K, used 384972K [0x0000000080000000, 0x000000009a200000, 0x00000000d5580000)
  object space 428032K, 89% used [0x0000000080000000,0x00000000977f3130,0x000000009a200000)
 Metaspace       used 61085K, committed 62464K, reserved 1114112K
  class space    used 6148K, committed 6784K, reserved 1048576K
}

