# JRE version: OpenJDK Runtime Environment Temurin-21.0.7+6 (21.0.7+6) (build 21.0.7+6-LTS)
# Java VM: OpenJDK 64-Bit Server VM Temurin-21.0.7+6 (21.0.7+6-LTS, mixed mode, sharing, tiered, compressed oops, compressed class ptrs, parallel gc, windows-amd64)
GC Precious Log:
 CardTable entry size: 512
 CPUs: 8 total, 8 available
 Memory: 16191M
 Large Page Support: Disabled
 NUMA Support: Disabled
 Compressed Oops: Enabled (32-bit)
 Alignments: Space 512K, Generation 512K, Heap 2M
 Heap Min Capacity: 100M
 Heap Initial Capacity: 100M
 Heap Max Capacity: 2G
 Pre-touch: Disabled
 Parallel Workers: 8
Heap:
 PSYoungGen      total 3584K, used 3573K [0x00000000d5580000, 0x00000000d5a00000, 0x0000000100000000)
  eden space 3072K, 100% used [0x00000000d5580000,0x00000000d5880000,0x00000000d5880000)
  from space 512K, 97% used [0x00000000d5980000,0x00000000d59fd600,0x00000000d5a00000)
  to   space 512K, 100% used [0x00000000d5900000,0x00000000d5980000,0x00000000d5980000)
 ParOldGen       total 472064K, used 472058K [0x0000000080000000, 0x000000009cd00000, 0x00000000d5580000)
  object space 472064K, 99% used [0x0000000080000000,0x000000009ccfeab8,0x000000009cd00000)
 Metaspace       used 56864K, committed 58176K, reserved 1114112K
  class space    used 5887K, committed 6528K, reserved 1048576K
GC Heap History (20 events):
Event: 11.710 GC heap before
{Heap before GC invocations=390 (full 2):
 PSYoungGen      total 3584K, used 3488K [0x00000000d5580000, 0x00000000d5a00000, 0x0000000100000000)
  eden space 3072K, 100% used [0x00000000d5580000,0x00000000d5880000,0x00000000d5880000)
  from space 512K, 81% used [0x00000000d5900000,0x00000000d5968000,0x00000000d5980000)
  to   space 512K, 0% used [0x00000000d5980000,0x00000000d5980000,0x00000000d5a00000)
 ParOldGen       total 465408K, used 465381K [0x0000000080000000, 0x000000009c680000, 0x00000000d5580000)
  object space 465408K, 99% used [0x0000000080000000,0x000000009c679748,0x000000009c680000)
 Metaspace       used 56831K, committed 58176K, reserved 1114112K
  class space    used 5886K, committed 6528K, reserved 1048576K
}
Event: 11.711 GC heap after
{Heap after GC invocations=390 (full 2):
 PSYoungGen      total 3584K, used 471K [0x00000000d5580000, 0x00000000d5a00000, 0x0000000100000000)
  eden space 3072K, 0% used [0x00000000d5580000,0x00000000d5580000,0x00000000d5880000)
  from space 512K, 92% used [0x00000000d5980000,0x00000000d59f5d78,0x00000000d5a00000)
  to   space 512K, 0% used [0x00000000d5900000,0x00000000d5900000,0x00000000d5980000)
 ParOldGen       total 465920K, used 465685K [0x0000000080000000, 0x000000009c700000, 0x00000000d5580000)
  object space 465920K, 99% used [0x0000000080000000,0x000000009c6c5748,0x000000009c700000)
 Metaspace       used 56831K, committed 58176K, reserved 1114112K
  class space    used 5886K, committed 6528K, reserved 1048576K
}
Event: 11.717 GC heap before
{Heap before GC invocations=391 (full 2):
 PSYoungGen      total 3584K, used 3543K [0x00000000d5580000, 0x00000000d5a00000, 0x0000000100000000)
  eden space 3072K, 100% used [0x00000000d5580000,0x00000000d5880000,0x00000000d5880000)
  from space 512K, 92% used [0x00000000d5980000,0x00000000d59f5d78,0x00000000d5a00000)
  to   space 512K, 0% used [0x00000000d5900000,0x00000000d5900000,0x00000000d5980000)
 ParOldGen       total 465920K, used 465685K [0x0000000080000000, 0x000000009c700000, 0x00000000d5580000)
  object space 465920K, 99% used [0x0000000080000000,0x000000009c6c5748,0x000000009c700000)
 Metaspace       used 56831K, committed 58176K, reserved 1114112K
  class space    used 5886K, committed 6528K, reserved 1048576K
}
Event: 11.719 GC heap after
{Heap after GC invocations=391 (full 2):
 PSYoungGen      total 3584K, used 448K [0x00000000d5580000, 0x00000000d5a00000, 0x0000000100000000)
  eden space 3072K, 0% used [0x00000000d5580000,0x00000000d5580000,0x00000000d5880000)
  from space 512K, 87% used [0x00000000d5900000,0x00000000d5970000,0x00000000d5980000)
  to   space 512K, 0% used [0x00000000d5980000,0x00000000d5980000,0x00000000d5a00000)
 ParOldGen       total 466432K, used 466085K [0x0000000080000000, 0x000000009c780000, 0x00000000d5580000)
  object space 466432K, 99% used [0x0000000080000000,0x000000009c7294c0,0x000000009c780000)
 Metaspace       used 56831K, committed 58176K, reserved 1114112K
  class space    used 5886K, committed 6528K, reserved 1048576K
}
Event: 11.725 GC heap before
{Heap before GC invocations=392 (full 2):
 PSYoungGen      total 3584K, used 3520K [0x00000000d5580000, 0x00000000d5a00000, 0x0000000100000000)
  eden space 3072K, 100% used [0x00000000d5580000,0x00000000d5880000,0x00000000d5880000)
  from space 512K, 87% used [0x00000000d5900000,0x00000000d5970000,0x00000000d5980000)
  to   space 512K, 0% used [0x00000000d5980000,0x00000000d5980000,0x00000000d5a00000)
 ParOldGen       total 466432K, used 466085K [0x0000000080000000, 0x000000009c780000, 0x00000000d5580000)
  object space 466432K, 99% used [0x0000000080000000,0x000000009c7294c0,0x000000009c780000)
 Metaspace       used 56836K, committed 58176K, reserved 1114112K
  class space    used 5886K, committed 6528K, reserved 1048576K
}
Event: 11.727 GC heap after
{Heap after GC invocations=392 (full 2):
 PSYoungGen      total 3584K, used 432K [0x00000000d5580000, 0x00000000d5a00000, 0x0000000100000000)
  eden space 3072K, 0% used [0x00000000d5580000,0x00000000d5580000,0x00000000d5880000)
  from space 512K, 84% used [0x00000000d5980000,0x00000000d59ec010,0x00000000d5a00000)
  to   space 512K, 0% used [0x00000000d5900000,0x00000000d5900000,0x00000000d5980000)
 ParOldGen       total 466944K, used 466472K [0x0000000080000000, 0x000000009c800000, 0x00000000d5580000)
  object space 466944K, 99% used [0x0000000080000000,0x000000009c78a2a8,0x000000009c800000)
 Metaspace       used 56836K, committed 58176K, reserved 1114112K
  class space    used 5886K, committed 6528K, reserved 1048576K
}
Event: 11.734 GC heap before
{Heap before GC invocations=393 (full 2):
 PSYoungGen      total 3584K, used 3504K [0x00000000d5580000, 0x00000000d5a00000, 0x0000000100000000)
  eden space 3072K, 100% used [0x00000000d5580000,0x00000000d5880000,0x00000000d5880000)
  from space 512K, 84% used [0x00000000d5980000,0x00000000d59ec010,0x00000000d5a00000)
  to   space 512K, 0% used [0x00000000d5900000,0x00000000d5900000,0x00000000d5980000)
 ParOldGen       total 466944K, used 466472K [0x0000000080000000, 0x000000009c800000, 0x00000000d5580000)
  object space 466944K, 99% used [0x0000000080000000,0x000000009c78a2a8,0x000000009c800000)
 Metaspace       used 56851K, committed 58176K, reserved 1114112K
  class space    used 5887K, committed 6528K, reserved 1048576K
}
Event: 11.736 GC heap after
{Heap after GC invocations=393 (full 2):
 PSYoungGen      total 3584K, used 512K [0x00000000d5580000, 0x00000000d5a80000, 0x0000000100000000)
  eden space 3072K, 0% used [0x00000000d5580000,0x00000000d5580000,0x00000000d5880000)
  from space 512K, 100% used [0x00000000d5900000,0x00000000d5980000,0x00000000d5980000)
  to   space 1024K, 0% used [0x00000000d5980000,0x00000000d5980000,0x00000000d5a80000)
 ParOldGen       total 466944K, used 466820K [0x0000000080000000, 0x000000009c800000, 0x00000000d5580000)
  object space 466944K, 99% used [0x0000000080000000,0x000000009c7e12b8,0x000000009c800000)
 Metaspace       used 56851K, committed 58176K, reserved 1114112K
  class space    used 5887K, committed 6528K, reserved 1048576K
}
Event: 11.744 GC heap before
{Heap before GC invocations=394 (full 2):
 PSYoungGen      total 3584K, used 3584K [0x00000000d5580000, 0x00000000d5a80000, 0x0000000100000000)
  eden space 3072K, 100% used [0x00000000d5580000,0x00000000d5880000,0x00000000d5880000)
  from space 512K, 100% used [0x00000000d5900000,0x00000000d5980000,0x00000000d5980000)
  to   space 1024K, 0% used [0x00000000d5980000,0x00000000d5980000,0x00000000d5a80000)
 ParOldGen       total 466944K, used 466820K [0x0000000080000000, 0x000000009c800000, 0x00000000d5580000)
  object space 466944K, 99% used [0x0000000080000000,0x000000009c7e12b8,0x000000009c800000)
 Metaspace       used 56853K, committed 58176K, reserved 1114112K
  class space    used 5887K, committed 6528K, reserved 1048576K
}
Event: 11.745 GC heap after
{Heap after GC invocations=394 (full 2):
 PSYoungGen      total 3584K, used 416K [0x00000000d5580000, 0x00000000d5a00000, 0x0000000100000000)
  eden space 3072K, 0% used [0x00000000d5580000,0x00000000d5580000,0x00000000d5880000)
  from space 512K, 81% used [0x00000000d5980000,0x00000000d59e8000,0x00000000d5a00000)
  to   space 512K, 0% used [0x00000000d5900000,0x00000000d5900000,0x00000000d5980000)
 ParOldGen       total 467456K, used 467217K [0x0000000080000000, 0x000000009c880000, 0x00000000d5580000)
  object space 467456K, 99% used [0x0000000080000000,0x000000009c844510,0x000000009c880000)
 Metaspace       used 56853K, committed 58176K, reserved 1114112K
  class space    used 5887K, committed 6528K, reserved 1048576K
}
Event: 11.750 GC heap before
{Heap before GC invocations=395 (full 2):
 PSYoungGen      total 3584K, used 3488K [0x00000000d5580000, 0x00000000d5a00000, 0x0000000100000000)
  eden space 3072K, 100% used [0x00000000d5580000,0x00000000d5880000,0x00000000d5880000)
  from space 512K, 81% used [0x00000000d5980000,0x00000000d59e8000,0x00000000d5a00000)
  to   space 512K, 0% used [0x00000000d5900000,0x00000000d5900000,0x00000000d5980000)
 ParOldGen       total 467456K, used 467217K [0x0000000080000000, 0x000000009c880000, 0x00000000d5580000)
  object space 467456K, 99% used [0x0000000080000000,0x000000009c844510,0x000000009c880000)
 Metaspace       used 56855K, committed 58176K, reserved 1114112K
  class space    used 5887K, committed 6528K, reserved 1048576K
}
Event: 11.751 GC heap after
{Heap after GC invocations=395 (full 2):
 PSYoungGen      total 3584K, used 320K [0x00000000d5580000, 0x00000000d5a00000, 0x0000000100000000)
  eden space 3072K, 0% used [0x00000000d5580000,0x00000000d5580000,0x00000000d5880000)
  from space 512K, 62% used [0x00000000d5900000,0x00000000d5950000,0x00000000d5980000)
  to   space 512K, 0% used [0x00000000d5980000,0x00000000d5980000,0x00000000d5a00000)
 ParOldGen       total 467968K, used 467585K [0x0000000080000000, 0x000000009c900000, 0x00000000d5580000)
  object space 467968K, 99% used [0x0000000080000000,0x000000009c8a0510,0x000000009c900000)
 Metaspace       used 56855K, committed 58176K, reserved 1114112K
  class space    used 5887K, committed 6528K, reserved 1048576K
}
Event: 11.758 GC heap before
{Heap before GC invocations=396 (full 2):
 PSYoungGen      total 3584K, used 3392K [0x00000000d5580000, 0x00000000d5a00000, 0x0000000100000000)
  eden space 3072K, 100% used [0x00000000d5580000,0x00000000d5880000,0x00000000d5880000)
  from space 512K, 62% used [0x00000000d5900000,0x00000000d5950000,0x00000000d5980000)
  to   space 512K, 0% used [0x00000000d5980000,0x00000000d5980000,0x00000000d5a00000)
 ParOldGen       total 467968K, used 467585K [0x0000000080000000, 0x000000009c900000, 0x00000000d5580000)
  object space 467968K, 99% used [0x0000000080000000,0x000000009c8a0510,0x000000009c900000)
 Metaspace       used 56860K, committed 58176K, reserved 1114112K
  class space    used 5887K, committed 6528K, reserved 1048576K
}
Event: 11.759 GC heap after
{Heap after GC invocations=396 (full 2):
 PSYoungGen      total 3584K, used 488K [0x00000000d5580000, 0x00000000d5a80000, 0x0000000100000000)
  eden space 3072K, 0% used [0x00000000d5580000,0x00000000d5580000,0x00000000d5880000)
  from space 512K, 95% used [0x00000000d5980000,0x00000000d59fa050,0x00000000d5a00000)
  to   space 1024K, 0% used [0x00000000d5880000,0x00000000d5880000,0x00000000d5980000)
 ParOldGen       total 468480K, used 468013K [0x0000000080000000, 0x000000009c980000, 0x00000000d5580000)
  object space 468480K, 99% used [0x0000000080000000,0x000000009c90b728,0x000000009c980000)
 Metaspace       used 56860K, committed 58176K, reserved 1114112K
  class space    used 5887K, committed 6528K, reserved 1048576K
}
Event: 11.764 GC heap before
{Heap before GC invocations=397 (full 2):
 PSYoungGen      total 3584K, used 3560K [0x00000000d5580000, 0x00000000d5a80000, 0x0000000100000000)
  eden space 3072K, 100% used [0x00000000d5580000,0x00000000d5880000,0x00000000d5880000)
  from space 512K, 95% used [0x00000000d5980000,0x00000000d59fa050,0x00000000d5a00000)
  to   space 1024K, 0% used [0x00000000d5880000,0x00000000d5880000,0x00000000d5980000)
 ParOldGen       total 468480K, used 468013K [0x0000000080000000, 0x000000009c980000, 0x00000000d5580000)
  object space 468480K, 99% used [0x0000000080000000,0x000000009c90b728,0x000000009c980000)
 Metaspace       used 56861K, committed 58176K, reserved 1114112K
  class space    used 5887K, committed 6528K, reserved 1048576K
}
Event: 11.766 GC heap after
{Heap after GC invocations=397 (full 2):
 PSYoungGen      total 4096K, used 528K [0x00000000d5580000, 0x00000000d5a80000, 0x0000000100000000)
  eden space 3072K, 0% used [0x00000000d5580000,0x00000000d5580000,0x00000000d5880000)
  from space 1024K, 51% used [0x00000000d5880000,0x00000000d5904010,0x00000000d5980000)
  to   space 1024K, 0% used [0x00000000d5980000,0x00000000d5980000,0x00000000d5a80000)
 ParOldGen       total 468992K, used 468973K [0x0000000080000000, 0x000000009ca00000, 0x00000000d5580000)
  object space 468992K, 99% used [0x0000000080000000,0x000000009c9fb4e0,0x000000009ca00000)
 Metaspace       used 56861K, committed 58176K, reserved 1114112K
  class space    used 5887K, committed 6528K, reserved 1048576K
}
Event: 11.773 GC heap before
{Heap before GC invocations=398 (full 2):
 PSYoungGen      total 4096K, used 3600K [0x00000000d5580000, 0x00000000d5a80000, 0x0000000100000000)
  eden space 3072K, 100% used [0x00000000d5580000,0x00000000d5880000,0x00000000d5880000)
  from space 1024K, 51% used [0x00000000d5880000,0x00000000d5904010,0x00000000d5980000)
  to   space 1024K, 0% used [0x00000000d5980000,0x00000000d5980000,0x00000000d5a80000)
 ParOldGen       total 468992K, used 468973K [0x0000000080000000, 0x000000009ca00000, 0x00000000d5580000)
  object space 468992K, 99% used [0x0000000080000000,0x000000009c9fb4e0,0x000000009ca00000)
 Metaspace       used 56863K, committed 58176K, reserved 1114112K
  class space    used 5887K, committed 6528K, reserved 1048576K
}
Event: 11.775 GC heap after
{Heap after GC invocations=398 (full 2):
 PSYoungGen      total 4096K, used 746K [0x00000000d5580000, 0x00000000d5a80000, 0x0000000100000000)
  eden space 3072K, 0% used [0x00000000d5580000,0x00000000d5580000,0x00000000d5880000)
  from space 1024K, 72% used [0x00000000d5980000,0x00000000d5a3ab90,0x00000000d5a80000)
  to   space 1024K, 0% used [0x00000000d5880000,0x00000000d5880000,0x00000000d5980000)
 ParOldGen       total 469504K, used 469410K [0x0000000080000000, 0x000000009ca80000, 0x00000000d5580000)
  object space 469504K, 99% used [0x0000000080000000,0x000000009ca68b18,0x000000009ca80000)
 Metaspace       used 56863K, committed 58176K, reserved 1114112K
  class space    used 5887K, committed 6528K, reserved 1048576K
}
Event: 11.782 GC heap before
{Heap before GC invocations=399 (full 2):
 PSYoungGen      total 4096K, used 3818K [0x00000000d5580000, 0x00000000d5a80000, 0x0000000100000000)
  eden space 3072K, 100% used [0x00000000d5580000,0x00000000d5880000,0x00000000d5880000)
  from space 1024K, 72% used [0x00000000d5980000,0x00000000d5a3ab90,0x00000000d5a80000)
  to   space 1024K, 0% used [0x00000000d5880000,0x00000000d5880000,0x00000000d5980000)
 ParOldGen       total 469504K, used 469410K [0x0000000080000000, 0x000000009ca80000, 0x00000000d5580000)
  object space 469504K, 99% used [0x0000000080000000,0x000000009ca68b18,0x000000009ca80000)
 Metaspace       used 56863K, committed 58176K, reserved 1114112K
  class space    used 5887K, committed 6528K, reserved 1048576K
}
Event: 11.784 GC heap after
{Heap after GC invocations=399 (full 2):
 PSYoungGen      total 4096K, used 544K [0x00000000d5580000, 0x00000000d5a80000, 0x0000000100000000)
  eden space 3072K, 0% used [0x00000000d5580000,0x00000000d5580000,0x00000000d5880000)
  from space 1024K, 53% used [0x00000000d5880000,0x00000000d5908000,0x00000000d5980000)
  to   space 1024K, 0% used [0x00000000d5980000,0x00000000d5980000,0x00000000d5a80000)
 ParOldGen       total 470016K, used 469944K [0x0000000080000000, 0x000000009cb00000, 0x00000000d5580000)
  object space 470016K, 99% used [0x0000000080000000,0x000000009caee130,0x000000009cb00000)
 Metaspace       used 56863K, committed 58176K, reserved 1114112K
  class space    used 5887K, committed 6528K, reserved 1048576K
}

