# JRE version: OpenJDK Runtime Environment Temurin-21.0.7+6 (21.0.7+6) (build 21.0.7+6-LTS)
# Java VM: OpenJDK 64-Bit Server VM Temurin-21.0.7+6 (21.0.7+6-LTS, mixed mode, sharing, tiered, compressed oops, compressed class ptrs, parallel gc, windows-amd64)
GC Precious Log:
 CardTable entry size: 512
 CPUs: 8 total, 8 available
 Memory: 16191M
 Large Page Support: Disabled
 NUMA Support: Disabled
 Compressed Oops: Enabled (32-bit)
 Alignments: Space 512K, Generation 512K, Heap 2M
 Heap Min Capacity: 100M
 Heap Initial Capacity: 100M
 Heap Max Capacity: 2G
 Pre-touch: Disabled
 Parallel Workers: 8
Heap:
 PSYoungGen      total 6656K, used 6528K [0x00000000d5580000, 0x00000000d5e80000, 0x0000000100000000)
  eden space 4096K, 100% used [0x00000000d5580000,0x00000000d5980000,0x00000000d5980000)
  from space 2560K, 95% used [0x00000000d5c00000,0x00000000d5e60000,0x00000000d5e80000)
  to   space 2560K, 100% used [0x00000000d5980000,0x00000000d5c00000,0x00000000d5c00000)
 ParOldGen       total 790528K, used 790280K [0x0000000080000000, 0x00000000b0400000, 0x00000000d5580000)
  object space 790528K, 99% used [0x0000000080000000,0x00000000b03c2018,0x00000000b0400000)
 Metaspace       used 72870K, committed 74496K, reserved 1179648K
  class space    used 7358K, committed 8128K, reserved 1048576K
GC Heap History (20 events):
Event: 75.318 GC heap before
{Heap before GC invocations=1888 (full 3):
 PSYoungGen      total 3072K, used 3072K [0x00000000d5580000, 0x00000000d5a00000, 0x0000000100000000)
  eden space 2560K, 100% used [0x00000000d5580000,0x00000000d5800000,0x00000000d5800000)
  from space 512K, 100% used [0x00000000d5980000,0x00000000d5a00000,0x00000000d5a00000)
  to   space 1024K, 0% used [0x00000000d5800000,0x00000000d5800000,0x00000000d5900000)
 ParOldGen       total 774144K, used 772856K [0x0000000080000000, 0x00000000af400000, 0x00000000d5580000)
  object space 774144K, 99% used [0x0000000080000000,0x00000000af2be3d0,0x00000000af400000)
 Metaspace       used 72834K, committed 74496K, reserved 1179648K
  class space    used 7353K, committed 8128K, reserved 1048576K
}
Event: 75.323 GC heap after
{Heap after GC invocations=1888 (full 3):
 PSYoungGen      total 3584K, used 1024K [0x00000000d5580000, 0x00000000d5e00000, 0x0000000100000000)
  eden space 2560K, 0% used [0x00000000d5580000,0x00000000d5580000,0x00000000d5800000)
  from space 1024K, 100% used [0x00000000d5800000,0x00000000d5900000,0x00000000d5900000)
  to   space 3072K, 0% used [0x00000000d5b00000,0x00000000d5b00000,0x00000000d5e00000)
 ParOldGen       total 774144K, used 774128K [0x0000000080000000, 0x00000000af400000, 0x00000000d5580000)
  object space 774144K, 99% used [0x0000000080000000,0x00000000af3fc3d0,0x00000000af400000)
 Metaspace       used 72834K, committed 74496K, reserved 1179648K
  class space    used 7353K, committed 8128K, reserved 1048576K
}
Event: 75.337 GC heap before
{Heap before GC invocations=1889 (full 3):
 PSYoungGen      total 3584K, used 3584K [0x00000000d5580000, 0x00000000d5e00000, 0x0000000100000000)
  eden space 2560K, 100% used [0x00000000d5580000,0x00000000d5800000,0x00000000d5800000)
  from space 1024K, 100% used [0x00000000d5800000,0x00000000d5900000,0x00000000d5900000)
  to   space 3072K, 0% used [0x00000000d5b00000,0x00000000d5b00000,0x00000000d5e00000)
 ParOldGen       total 774144K, used 774128K [0x0000000080000000, 0x00000000af400000, 0x00000000d5580000)
  object space 774144K, 99% used [0x0000000080000000,0x00000000af3fc3d0,0x00000000af400000)
 Metaspace       used 72834K, committed 74496K, reserved 1179648K
  class space    used 7353K, committed 8128K, reserved 1048576K
}
Event: 75.340 GC heap after
{Heap after GC invocations=1889 (full 3):
 PSYoungGen      total 4608K, used 1824K [0x00000000d5580000, 0x00000000d5d00000, 0x0000000100000000)
  eden space 2560K, 0% used [0x00000000d5580000,0x00000000d5580000,0x00000000d5800000)
  from space 2048K, 89% used [0x00000000d5b00000,0x00000000d5cc8000,0x00000000d5d00000)
  to   space 2048K, 0% used [0x00000000d5900000,0x00000000d5900000,0x00000000d5b00000)
 ParOldGen       total 775680K, used 775192K [0x0000000080000000, 0x00000000af580000, 0x00000000d5580000)
  object space 775680K, 99% used [0x0000000080000000,0x00000000af5063d0,0x00000000af580000)
 Metaspace       used 72834K, committed 74496K, reserved 1179648K
  class space    used 7353K, committed 8128K, reserved 1048576K
}
Event: 75.352 GC heap before
{Heap before GC invocations=1890 (full 3):
 PSYoungGen      total 4608K, used 4384K [0x00000000d5580000, 0x00000000d5d00000, 0x0000000100000000)
  eden space 2560K, 100% used [0x00000000d5580000,0x00000000d5800000,0x00000000d5800000)
  from space 2048K, 89% used [0x00000000d5b00000,0x00000000d5cc8000,0x00000000d5d00000)
  to   space 2048K, 0% used [0x00000000d5900000,0x00000000d5900000,0x00000000d5b00000)
 ParOldGen       total 775680K, used 775192K [0x0000000080000000, 0x00000000af580000, 0x00000000d5580000)
  object space 775680K, 99% used [0x0000000080000000,0x00000000af5063d0,0x00000000af580000)
 Metaspace       used 72834K, committed 74496K, reserved 1179648K
  class space    used 7353K, committed 8128K, reserved 1048576K
}
Event: 75.364 GC heap after
{Heap after GC invocations=1890 (full 3):
 PSYoungGen      total 4608K, used 1888K [0x00000000d5580000, 0x00000000d5c00000, 0x0000000100000000)
  eden space 2560K, 0% used [0x00000000d5580000,0x00000000d5580000,0x00000000d5800000)
  from space 2048K, 92% used [0x00000000d5900000,0x00000000d5ad8000,0x00000000d5b00000)
  to   space 1024K, 0% used [0x00000000d5b00000,0x00000000d5b00000,0x00000000d5c00000)
 ParOldGen       total 777216K, used 776992K [0x0000000080000000, 0x00000000af700000, 0x00000000d5580000)
  object space 777216K, 99% used [0x0000000080000000,0x00000000af6c83d0,0x00000000af700000)
 Metaspace       used 72834K, committed 74496K, reserved 1179648K
  class space    used 7353K, committed 8128K, reserved 1048576K
}
Event: 75.387 GC heap before
{Heap before GC invocations=1891 (full 3):
 PSYoungGen      total 4608K, used 4448K [0x00000000d5580000, 0x00000000d5c00000, 0x0000000100000000)
  eden space 2560K, 100% used [0x00000000d5580000,0x00000000d5800000,0x00000000d5800000)
  from space 2048K, 92% used [0x00000000d5900000,0x00000000d5ad8000,0x00000000d5b00000)
  to   space 1024K, 0% used [0x00000000d5b00000,0x00000000d5b00000,0x00000000d5c00000)
 ParOldGen       total 777216K, used 776992K [0x0000000080000000, 0x00000000af700000, 0x00000000d5580000)
  object space 777216K, 99% used [0x0000000080000000,0x00000000af6c83d0,0x00000000af700000)
 Metaspace       used 72834K, committed 74496K, reserved 1179648K
  class space    used 7353K, committed 8128K, reserved 1048576K
}
Event: 75.391 GC heap after
{Heap after GC invocations=1891 (full 3):
 PSYoungGen      total 2560K, used 1024K [0x00000000d5580000, 0x00000000d6000000, 0x0000000100000000)
  eden space 1536K, 0% used [0x00000000d5580000,0x00000000d5580000,0x00000000d5700000)
  from space 1024K, 100% used [0x00000000d5b00000,0x00000000d5c00000,0x00000000d5c00000)
  to   space 4096K, 0% used [0x00000000d5700000,0x00000000d5700000,0x00000000d5b00000)
 ParOldGen       total 779776K, used 779536K [0x0000000080000000, 0x00000000af980000, 0x00000000d5580000)
  object space 779776K, 99% used [0x0000000080000000,0x00000000af9443d0,0x00000000af980000)
 Metaspace       used 72834K, committed 74496K, reserved 1179648K
  class space    used 7353K, committed 8128K, reserved 1048576K
}
Event: 75.399 GC heap before
{Heap before GC invocations=1892 (full 3):
 PSYoungGen      total 2560K, used 2560K [0x00000000d5580000, 0x00000000d6000000, 0x0000000100000000)
  eden space 1536K, 100% used [0x00000000d5580000,0x00000000d5700000,0x00000000d5700000)
  from space 1024K, 100% used [0x00000000d5b00000,0x00000000d5c00000,0x00000000d5c00000)
  to   space 4096K, 0% used [0x00000000d5700000,0x00000000d5700000,0x00000000d5b00000)
 ParOldGen       total 779776K, used 779536K [0x0000000080000000, 0x00000000af980000, 0x00000000d5580000)
  object space 779776K, 99% used [0x0000000080000000,0x00000000af9443d0,0x00000000af980000)
 Metaspace       used 72834K, committed 74496K, reserved 1179648K
  class space    used 7353K, committed 8128K, reserved 1048576K
}
Event: 75.404 GC heap after
{Heap after GC invocations=1892 (full 3):
 PSYoungGen      total 3072K, used 1088K [0x00000000d5580000, 0x00000000d5b80000, 0x0000000100000000)
  eden space 1536K, 0% used [0x00000000d5580000,0x00000000d5580000,0x00000000d5700000)
  from space 1536K, 70% used [0x00000000d5700000,0x00000000d5810000,0x00000000d5880000)
  to   space 2048K, 0% used [0x00000000d5980000,0x00000000d5980000,0x00000000d5b80000)
 ParOldGen       total 780800K, used 780592K [0x0000000080000000, 0x00000000afa80000, 0x00000000d5580000)
  object space 780800K, 99% used [0x0000000080000000,0x00000000afa4c3d0,0x00000000afa80000)
 Metaspace       used 72834K, committed 74496K, reserved 1179648K
  class space    used 7353K, committed 8128K, reserved 1048576K
}
Event: 75.422 GC heap before
{Heap before GC invocations=1893 (full 3):
 PSYoungGen      total 3072K, used 2624K [0x00000000d5580000, 0x00000000d5b80000, 0x0000000100000000)
  eden space 1536K, 100% used [0x00000000d5580000,0x00000000d5700000,0x00000000d5700000)
  from space 1536K, 70% used [0x00000000d5700000,0x00000000d5810000,0x00000000d5880000)
  to   space 2048K, 0% used [0x00000000d5980000,0x00000000d5980000,0x00000000d5b80000)
 ParOldGen       total 780800K, used 780592K [0x0000000080000000, 0x00000000afa80000, 0x00000000d5580000)
  object space 780800K, 99% used [0x0000000080000000,0x00000000afa4c3d0,0x00000000afa80000)
 Metaspace       used 72834K, committed 74496K, reserved 1179648K
  class space    used 7353K, committed 8128K, reserved 1048576K
}
Event: 75.429 GC heap after
{Heap after GC invocations=1893 (full 3):
 PSYoungGen      total 3584K, used 1152K [0x00000000d5580000, 0x00000000d5b00000, 0x0000000100000000)
  eden space 2048K, 0% used [0x00000000d5580000,0x00000000d5580000,0x00000000d5780000)
  from space 1536K, 75% used [0x00000000d5980000,0x00000000d5aa0000,0x00000000d5b00000)
  to   space 1536K, 0% used [0x00000000d5800000,0x00000000d5800000,0x00000000d5980000)
 ParOldGen       total 781824K, used 781648K [0x0000000080000000, 0x00000000afb80000, 0x00000000d5580000)
  object space 781824K, 99% used [0x0000000080000000,0x00000000afb543d0,0x00000000afb80000)
 Metaspace       used 72834K, committed 74496K, reserved 1179648K
  class space    used 7353K, committed 8128K, reserved 1048576K
}
Event: 75.440 GC heap before
{Heap before GC invocations=1894 (full 3):
 PSYoungGen      total 3584K, used 3200K [0x00000000d5580000, 0x00000000d5b00000, 0x0000000100000000)
  eden space 2048K, 100% used [0x00000000d5580000,0x00000000d5780000,0x00000000d5780000)
  from space 1536K, 75% used [0x00000000d5980000,0x00000000d5aa0000,0x00000000d5b00000)
  to   space 1536K, 0% used [0x00000000d5800000,0x00000000d5800000,0x00000000d5980000)
 ParOldGen       total 781824K, used 781648K [0x0000000080000000, 0x00000000afb80000, 0x00000000d5580000)
  object space 781824K, 99% used [0x0000000080000000,0x00000000afb543d0,0x00000000afb80000)
 Metaspace       used 72834K, committed 74496K, reserved 1179648K
  class space    used 7353K, committed 8128K, reserved 1048576K
}
Event: 75.444 GC heap after
{Heap after GC invocations=1894 (full 3):
 PSYoungGen      total 4096K, used 1536K [0x00000000d5580000, 0x00000000d5e00000, 0x0000000100000000)
  eden space 2560K, 0% used [0x00000000d5580000,0x00000000d5580000,0x00000000d5800000)
  from space 1536K, 100% used [0x00000000d5800000,0x00000000d5980000,0x00000000d5980000)
  to   space 3072K, 0% used [0x00000000d5b00000,0x00000000d5b00000,0x00000000d5e00000)
 ParOldGen       total 782848K, used 782784K [0x0000000080000000, 0x00000000afc80000, 0x00000000d5580000)
  object space 782848K, 99% used [0x0000000080000000,0x00000000afc703d0,0x00000000afc80000)
 Metaspace       used 72834K, committed 74496K, reserved 1179648K
  class space    used 7353K, committed 8128K, reserved 1048576K
}
Event: 75.458 GC heap before
{Heap before GC invocations=1895 (full 3):
 PSYoungGen      total 4096K, used 4096K [0x00000000d5580000, 0x00000000d5e00000, 0x0000000100000000)
  eden space 2560K, 100% used [0x00000000d5580000,0x00000000d5800000,0x00000000d5800000)
  from space 1536K, 100% used [0x00000000d5800000,0x00000000d5980000,0x00000000d5980000)
  to   space 3072K, 0% used [0x00000000d5b00000,0x00000000d5b00000,0x00000000d5e00000)
 ParOldGen       total 782848K, used 782784K [0x0000000080000000, 0x00000000afc80000, 0x00000000d5580000)
  object space 782848K, 99% used [0x0000000080000000,0x00000000afc703d0,0x00000000afc80000)
 Metaspace       used 72853K, committed 74496K, reserved 1179648K
  class space    used 7356K, committed 8128K, reserved 1048576K
}
Event: 75.463 GC heap after
{Heap after GC invocations=1895 (full 3):
 PSYoungGen      total 5632K, used 1952K [0x00000000d5580000, 0x00000000d5d80000, 0x0000000100000000)
  eden space 3072K, 0% used [0x00000000d5580000,0x00000000d5580000,0x00000000d5880000)
  from space 2560K, 76% used [0x00000000d5b00000,0x00000000d5ce8000,0x00000000d5d80000)
  to   space 2560K, 0% used [0x00000000d5880000,0x00000000d5880000,0x00000000d5b00000)
 ParOldGen       total 784384K, used 784336K [0x0000000080000000, 0x00000000afe00000, 0x00000000d5580000)
  object space 784384K, 99% used [0x0000000080000000,0x00000000afdf43d0,0x00000000afe00000)
 Metaspace       used 72853K, committed 74496K, reserved 1179648K
  class space    used 7356K, committed 8128K, reserved 1048576K
}
Event: 75.488 GC heap before
{Heap before GC invocations=1896 (full 3):
 PSYoungGen      total 5632K, used 5024K [0x00000000d5580000, 0x00000000d5d80000, 0x0000000100000000)
  eden space 3072K, 100% used [0x00000000d5580000,0x00000000d5880000,0x00000000d5880000)
  from space 2560K, 76% used [0x00000000d5b00000,0x00000000d5ce8000,0x00000000d5d80000)
  to   space 2560K, 0% used [0x00000000d5880000,0x00000000d5880000,0x00000000d5b00000)
 ParOldGen       total 784384K, used 784336K [0x0000000080000000, 0x00000000afe00000, 0x00000000d5580000)
  object space 784384K, 99% used [0x0000000080000000,0x00000000afdf43d0,0x00000000afe00000)
 Metaspace       used 72861K, committed 74496K, reserved 1179648K
  class space    used 7356K, committed 8128K, reserved 1048576K
}
Event: 75.493 GC heap after
{Heap after GC invocations=1896 (full 3):
 PSYoungGen      total 5632K, used 2208K [0x00000000d5580000, 0x00000000d5e80000, 0x0000000100000000)
  eden space 3072K, 0% used [0x00000000d5580000,0x00000000d5580000,0x00000000d5880000)
  from space 2560K, 86% used [0x00000000d5880000,0x00000000d5aa8000,0x00000000d5b00000)
  to   space 2560K, 0% used [0x00000000d5c00000,0x00000000d5c00000,0x00000000d5e80000)
 ParOldGen       total 786432K, used 786160K [0x0000000080000000, 0x00000000b0000000, 0x00000000d5580000)
  object space 786432K, 99% used [0x0000000080000000,0x00000000affbc3d0,0x00000000b0000000)
 Metaspace       used 72861K, committed 74496K, reserved 1179648K
  class space    used 7356K, committed 8128K, reserved 1048576K
}
Event: 75.523 GC heap before
{Heap before GC invocations=1897 (full 3):
 PSYoungGen      total 5632K, used 5280K [0x00000000d5580000, 0x00000000d5e80000, 0x0000000100000000)
  eden space 3072K, 100% used [0x00000000d5580000,0x00000000d5880000,0x00000000d5880000)
  from space 2560K, 86% used [0x00000000d5880000,0x00000000d5aa8000,0x00000000d5b00000)
  to   space 2560K, 0% used [0x00000000d5c00000,0x00000000d5c00000,0x00000000d5e80000)
 ParOldGen       total 786432K, used 786160K [0x0000000080000000, 0x00000000b0000000, 0x00000000d5580000)
  object space 786432K, 99% used [0x0000000080000000,0x00000000affbc3d0,0x00000000b0000000)
 Metaspace       used 72868K, committed 74496K, reserved 1179648K
  class space    used 7357K, committed 8128K, reserved 1048576K
}
Event: 75.530 GC heap after
{Heap after GC invocations=1897 (full 3):
 PSYoungGen      total 6656K, used 2432K [0x00000000d5580000, 0x00000000d5e80000, 0x0000000100000000)
  eden space 4096K, 0% used [0x00000000d5580000,0x00000000d5580000,0x00000000d5980000)
  from space 2560K, 95% used [0x00000000d5c00000,0x00000000d5e60000,0x00000000d5e80000)
  to   space 2560K, 0% used [0x00000000d5980000,0x00000000d5980000,0x00000000d5c00000)
 ParOldGen       total 788480K, used 788307K [0x0000000080000000, 0x00000000b0200000, 0x00000000d5580000)
  object space 788480K, 99% used [0x0000000080000000,0x00000000b01d4cd0,0x00000000b0200000)
 Metaspace       used 72868K, committed 74496K, reserved 1179648K
  class space    used 7357K, committed 8128K, reserved 1048576K
}

