# JRE version: OpenJDK Runtime Environment Temurin-21.0.8+9 (21.0.8+9) (build 21.0.8+9-LTS)
# Java VM: OpenJDK 64-Bit Server VM Temurin-21.0.8+9 (21.0.8+9-LTS, mixed mode, sharing, tiered, compressed oops, compressed class ptrs, parallel gc, windows-amd64)
GC Precious Log:
 CardTable entry size: 512
 CPUs: 8 total, 8 available
 Memory: 16191M
 Large Page Support: Disabled
 NUMA Support: Disabled
 Compressed Oops: Enabled (32-bit)
 Alignments: Space 512K, Generation 512K, Heap 2M
 Heap Min Capacity: 100M
 Heap Initial Capacity: 100M
 Heap Max Capacity: 2G
 Pre-touch: Disabled
 Parallel Workers: 8
Heap:
 PSYoungGen      total 15360K, used 12829K [0x00000000d5580000, 0x00000000d6a80000, 0x0000000100000000)
  eden space 14848K, 84% used [0x00000000d5580000,0x00000000d61bdcd8,0x00000000d6400000)
  from space 512K, 57% used [0x00000000d6a00000,0x00000000d6a49a10,0x00000000d6a80000)
  to   space 512K, 0% used [0x00000000d6980000,0x00000000d6980000,0x00000000d6a00000)
 ParOldGen       total 68608K, used 38795K [0x0000000080000000, 0x0000000084300000, 0x00000000d5580000)
  object space 68608K, 56% used [0x0000000080000000,0x00000000825e2cc0,0x0000000084300000)
 Metaspace       used 48601K, committed 49920K, reserved 1114112K
  class space    used 5271K, committed 5888K, reserved 1048576K
GC Heap History (20 events):
Event: 10.565 GC heap before
{Heap before GC invocations=21 (full 2):
 PSYoungGen      total 17920K, used 17887K [0x00000000d5580000, 0x00000000d7d80000, 0x0000000100000000)
  eden space 14848K, 99% used [0x00000000d5580000,0x00000000d63fd060,0x00000000d6400000)
  from space 3072K, 99% used [0x00000000d6d80000,0x00000000d707acf0,0x00000000d7080000)
  to   space 9728K, 0% used [0x00000000d6400000,0x00000000d6400000,0x00000000d6d80000)
 ParOldGen       total 68608K, used 29451K [0x0000000080000000, 0x0000000084300000, 0x00000000d5580000)
  object space 68608K, 42% used [0x0000000080000000,0x0000000081cc2da8,0x0000000084300000)
 Metaspace       used 45760K, committed 47040K, reserved 1114112K
  class space    used 5001K, committed 5568K, reserved 1048576K
}
Event: 10.570 GC heap after
{Heap after GC invocations=21 (full 2):
 PSYoungGen      total 20480K, used 5355K [0x00000000d5580000, 0x00000000d7100000, 0x0000000100000000)
  eden space 14848K, 0% used [0x00000000d5580000,0x00000000d5580000,0x00000000d6400000)
  from space 5632K, 95% used [0x00000000d6400000,0x00000000d693af90,0x00000000d6980000)
  to   space 6656K, 0% used [0x00000000d6a80000,0x00000000d6a80000,0x00000000d7100000)
 ParOldGen       total 68608K, used 32352K [0x0000000080000000, 0x0000000084300000, 0x00000000d5580000)
  object space 68608K, 47% used [0x0000000080000000,0x0000000081f98088,0x0000000084300000)
 Metaspace       used 45760K, committed 47040K, reserved 1114112K
  class space    used 5001K, committed 5568K, reserved 1048576K
}
Event: 11.864 GC heap before
{Heap before GC invocations=22 (full 2):
 PSYoungGen      total 20480K, used 20203K [0x00000000d5580000, 0x00000000d7100000, 0x0000000100000000)
  eden space 14848K, 100% used [0x00000000d5580000,0x00000000d6400000,0x00000000d6400000)
  from space 5632K, 95% used [0x00000000d6400000,0x00000000d693af90,0x00000000d6980000)
  to   space 6656K, 0% used [0x00000000d6a80000,0x00000000d6a80000,0x00000000d7100000)
 ParOldGen       total 68608K, used 32352K [0x0000000080000000, 0x0000000084300000, 0x00000000d5580000)
  object space 68608K, 47% used [0x0000000080000000,0x0000000081f98088,0x0000000084300000)
 Metaspace       used 46718K, committed 48000K, reserved 1114112K
  class space    used 5099K, committed 5696K, reserved 1048576K
}
Event: 11.869 GC heap after
{Heap after GC invocations=22 (full 2):
 PSYoungGen      total 15360K, used 512K [0x00000000d5580000, 0x00000000d6b00000, 0x0000000100000000)
  eden space 14848K, 0% used [0x00000000d5580000,0x00000000d5580000,0x00000000d6400000)
  from space 512K, 100% used [0x00000000d6a80000,0x00000000d6b00000,0x00000000d6b00000)
  to   space 2560K, 0% used [0x00000000d6600000,0x00000000d6600000,0x00000000d6880000)
 ParOldGen       total 68608K, used 37510K [0x0000000080000000, 0x0000000084300000, 0x00000000d5580000)
  object space 68608K, 54% used [0x0000000080000000,0x00000000824a1968,0x0000000084300000)
 Metaspace       used 46718K, committed 48000K, reserved 1114112K
  class space    used 5099K, committed 5696K, reserved 1048576K
}
Event: 13.903 GC heap before
{Heap before GC invocations=23 (full 2):
 PSYoungGen      total 15360K, used 15360K [0x00000000d5580000, 0x00000000d6b00000, 0x0000000100000000)
  eden space 14848K, 100% used [0x00000000d5580000,0x00000000d6400000,0x00000000d6400000)
  from space 512K, 100% used [0x00000000d6a80000,0x00000000d6b00000,0x00000000d6b00000)
  to   space 2560K, 0% used [0x00000000d6600000,0x00000000d6600000,0x00000000d6880000)
 ParOldGen       total 68608K, used 37510K [0x0000000080000000, 0x0000000084300000, 0x00000000d5580000)
  object space 68608K, 54% used [0x0000000080000000,0x00000000824a1968,0x0000000084300000)
 Metaspace       used 46738K, committed 48000K, reserved 1114112K
  class space    used 5099K, committed 5696K, reserved 1048576K
}
Event: 13.904 GC heap after
{Heap after GC invocations=23 (full 2):
 PSYoungGen      total 17408K, used 96K [0x00000000d5580000, 0x00000000d6b00000, 0x0000000100000000)
  eden space 14848K, 0% used [0x00000000d5580000,0x00000000d5580000,0x00000000d6400000)
  from space 2560K, 3% used [0x00000000d6600000,0x00000000d6618000,0x00000000d6880000)
  to   space 1024K, 0% used [0x00000000d6a00000,0x00000000d6a00000,0x00000000d6b00000)
 ParOldGen       total 68608K, used 37900K [0x0000000080000000, 0x0000000084300000, 0x00000000d5580000)
  object space 68608K, 55% used [0x0000000080000000,0x0000000082503140,0x0000000084300000)
 Metaspace       used 46738K, committed 48000K, reserved 1114112K
  class space    used 5099K, committed 5696K, reserved 1048576K
}
Event: 15.559 GC heap before
{Heap before GC invocations=24 (full 2):
 PSYoungGen      total 17408K, used 14944K [0x00000000d5580000, 0x00000000d6b00000, 0x0000000100000000)
  eden space 14848K, 100% used [0x00000000d5580000,0x00000000d6400000,0x00000000d6400000)
  from space 2560K, 3% used [0x00000000d6600000,0x00000000d6618000,0x00000000d6880000)
  to   space 1024K, 0% used [0x00000000d6a00000,0x00000000d6a00000,0x00000000d6b00000)
 ParOldGen       total 68608K, used 37900K [0x0000000080000000, 0x0000000084300000, 0x00000000d5580000)
  object space 68608K, 55% used [0x0000000080000000,0x0000000082503140,0x0000000084300000)
 Metaspace       used 46738K, committed 48000K, reserved 1114112K
  class space    used 5099K, committed 5696K, reserved 1048576K
}
Event: 15.560 GC heap after
{Heap after GC invocations=24 (full 2):
 PSYoungGen      total 15360K, used 192K [0x00000000d5580000, 0x00000000d6a80000, 0x0000000100000000)
  eden space 14848K, 0% used [0x00000000d5580000,0x00000000d5580000,0x00000000d6400000)
  from space 512K, 37% used [0x00000000d6a00000,0x00000000d6a30000,0x00000000d6a80000)
  to   space 512K, 0% used [0x00000000d6980000,0x00000000d6980000,0x00000000d6a00000)
 ParOldGen       total 68608K, used 37924K [0x0000000080000000, 0x0000000084300000, 0x00000000d5580000)
  object space 68608K, 55% used [0x0000000080000000,0x0000000082509140,0x0000000084300000)
 Metaspace       used 46738K, committed 48000K, reserved 1114112K
  class space    used 5099K, committed 5696K, reserved 1048576K
}
Event: 15.935 GC heap before
{Heap before GC invocations=25 (full 2):
 PSYoungGen      total 15360K, used 15040K [0x00000000d5580000, 0x00000000d6a80000, 0x0000000100000000)
  eden space 14848K, 100% used [0x00000000d5580000,0x00000000d6400000,0x00000000d6400000)
  from space 512K, 37% used [0x00000000d6a00000,0x00000000d6a30000,0x00000000d6a80000)
  to   space 512K, 0% used [0x00000000d6980000,0x00000000d6980000,0x00000000d6a00000)
 ParOldGen       total 68608K, used 37924K [0x0000000080000000, 0x0000000084300000, 0x00000000d5580000)
  object space 68608K, 55% used [0x0000000080000000,0x0000000082509140,0x0000000084300000)
 Metaspace       used 46738K, committed 48000K, reserved 1114112K
  class space    used 5099K, committed 5696K, reserved 1048576K
}
Event: 15.935 GC heap after
{Heap after GC invocations=25 (full 2):
 PSYoungGen      total 15360K, used 128K [0x00000000d5580000, 0x00000000d6a80000, 0x0000000100000000)
  eden space 14848K, 0% used [0x00000000d5580000,0x00000000d5580000,0x00000000d6400000)
  from space 512K, 25% used [0x00000000d6980000,0x00000000d69a0000,0x00000000d6a00000)
  to   space 512K, 0% used [0x00000000d6a00000,0x00000000d6a00000,0x00000000d6a80000)
 ParOldGen       total 68608K, used 37956K [0x0000000080000000, 0x0000000084300000, 0x00000000d5580000)
  object space 68608K, 55% used [0x0000000080000000,0x0000000082511140,0x0000000084300000)
 Metaspace       used 46738K, committed 48000K, reserved 1114112K
  class space    used 5099K, committed 5696K, reserved 1048576K
}
Event: 16.416 GC heap before
{Heap before GC invocations=26 (full 2):
 PSYoungGen      total 15360K, used 14976K [0x00000000d5580000, 0x00000000d6a80000, 0x0000000100000000)
  eden space 14848K, 100% used [0x00000000d5580000,0x00000000d6400000,0x00000000d6400000)
  from space 512K, 25% used [0x00000000d6980000,0x00000000d69a0000,0x00000000d6a00000)
  to   space 512K, 0% used [0x00000000d6a00000,0x00000000d6a00000,0x00000000d6a80000)
 ParOldGen       total 68608K, used 37956K [0x0000000080000000, 0x0000000084300000, 0x00000000d5580000)
  object space 68608K, 55% used [0x0000000080000000,0x0000000082511140,0x0000000084300000)
 Metaspace       used 46743K, committed 48064K, reserved 1114112K
  class space    used 5099K, committed 5696K, reserved 1048576K
}
Event: 16.417 GC heap after
{Heap after GC invocations=26 (full 2):
 PSYoungGen      total 15360K, used 160K [0x00000000d5580000, 0x00000000d6a80000, 0x0000000100000000)
  eden space 14848K, 0% used [0x00000000d5580000,0x00000000d5580000,0x00000000d6400000)
  from space 512K, 31% used [0x00000000d6a00000,0x00000000d6a28000,0x00000000d6a80000)
  to   space 512K, 0% used [0x00000000d6980000,0x00000000d6980000,0x00000000d6a00000)
 ParOldGen       total 68608K, used 37996K [0x0000000080000000, 0x0000000084300000, 0x00000000d5580000)
  object space 68608K, 55% used [0x0000000080000000,0x000000008251b140,0x0000000084300000)
 Metaspace       used 46743K, committed 48064K, reserved 1114112K
  class space    used 5099K, committed 5696K, reserved 1048576K
}
Event: 16.778 GC heap before
{Heap before GC invocations=27 (full 2):
 PSYoungGen      total 15360K, used 15008K [0x00000000d5580000, 0x00000000d6a80000, 0x0000000100000000)
  eden space 14848K, 100% used [0x00000000d5580000,0x00000000d6400000,0x00000000d6400000)
  from space 512K, 31% used [0x00000000d6a00000,0x00000000d6a28000,0x00000000d6a80000)
  to   space 512K, 0% used [0x00000000d6980000,0x00000000d6980000,0x00000000d6a00000)
 ParOldGen       total 68608K, used 37996K [0x0000000080000000, 0x0000000084300000, 0x00000000d5580000)
  object space 68608K, 55% used [0x0000000080000000,0x000000008251b140,0x0000000084300000)
 Metaspace       used 46794K, committed 48064K, reserved 1114112K
  class space    used 5106K, committed 5696K, reserved 1048576K
}
Event: 16.779 GC heap after
{Heap after GC invocations=27 (full 2):
 PSYoungGen      total 15360K, used 352K [0x00000000d5580000, 0x00000000d6a80000, 0x0000000100000000)
  eden space 14848K, 0% used [0x00000000d5580000,0x00000000d5580000,0x00000000d6400000)
  from space 512K, 68% used [0x00000000d6980000,0x00000000d69d8000,0x00000000d6a00000)
  to   space 512K, 0% used [0x00000000d6a00000,0x00000000d6a00000,0x00000000d6a80000)
 ParOldGen       total 68608K, used 38028K [0x0000000080000000, 0x0000000084300000, 0x00000000d5580000)
  object space 68608K, 55% used [0x0000000080000000,0x0000000082523140,0x0000000084300000)
 Metaspace       used 46794K, committed 48064K, reserved 1114112K
  class space    used 5106K, committed 5696K, reserved 1048576K
}
Event: 16.987 GC heap before
{Heap before GC invocations=28 (full 2):
 PSYoungGen      total 15360K, used 15200K [0x00000000d5580000, 0x00000000d6a80000, 0x0000000100000000)
  eden space 14848K, 100% used [0x00000000d5580000,0x00000000d6400000,0x00000000d6400000)
  from space 512K, 68% used [0x00000000d6980000,0x00000000d69d8000,0x00000000d6a00000)
  to   space 512K, 0% used [0x00000000d6a00000,0x00000000d6a00000,0x00000000d6a80000)
 ParOldGen       total 68608K, used 38028K [0x0000000080000000, 0x0000000084300000, 0x00000000d5580000)
  object space 68608K, 55% used [0x0000000080000000,0x0000000082523140,0x0000000084300000)
 Metaspace       used 46995K, committed 48320K, reserved 1114112K
  class space    used 5122K, committed 5696K, reserved 1048576K
}
Event: 16.988 GC heap after
{Heap after GC invocations=28 (full 2):
 PSYoungGen      total 15360K, used 496K [0x00000000d5580000, 0x00000000d6a80000, 0x0000000100000000)
  eden space 14848K, 0% used [0x00000000d5580000,0x00000000d5580000,0x00000000d6400000)
  from space 512K, 96% used [0x00000000d6a00000,0x00000000d6a7c248,0x00000000d6a80000)
  to   space 1024K, 0% used [0x00000000d6880000,0x00000000d6880000,0x00000000d6980000)
 ParOldGen       total 68608K, used 38228K [0x0000000080000000, 0x0000000084300000, 0x00000000d5580000)
  object space 68608K, 55% used [0x0000000080000000,0x0000000082555140,0x0000000084300000)
 Metaspace       used 46995K, committed 48320K, reserved 1114112K
  class space    used 5122K, committed 5696K, reserved 1048576K
}
Event: 17.302 GC heap before
{Heap before GC invocations=29 (full 2):
 PSYoungGen      total 15360K, used 15344K [0x00000000d5580000, 0x00000000d6a80000, 0x0000000100000000)
  eden space 14848K, 100% used [0x00000000d5580000,0x00000000d6400000,0x00000000d6400000)
  from space 512K, 96% used [0x00000000d6a00000,0x00000000d6a7c248,0x00000000d6a80000)
  to   space 1024K, 0% used [0x00000000d6880000,0x00000000d6880000,0x00000000d6980000)
 ParOldGen       total 68608K, used 38228K [0x0000000080000000, 0x0000000084300000, 0x00000000d5580000)
  object space 68608K, 55% used [0x0000000080000000,0x0000000082555140,0x0000000084300000)
 Metaspace       used 47154K, committed 48448K, reserved 1114112K
  class space    used 5133K, committed 5696K, reserved 1048576K
}
Event: 17.303 GC heap after
{Heap after GC invocations=29 (full 2):
 PSYoungGen      total 15872K, used 192K [0x00000000d5580000, 0x00000000d6a80000, 0x0000000100000000)
  eden space 14848K, 0% used [0x00000000d5580000,0x00000000d5580000,0x00000000d6400000)
  from space 1024K, 18% used [0x00000000d6880000,0x00000000d68b0000,0x00000000d6980000)
  to   space 512K, 0% used [0x00000000d6a00000,0x00000000d6a00000,0x00000000d6a80000)
 ParOldGen       total 68608K, used 38704K [0x0000000080000000, 0x0000000084300000, 0x00000000d5580000)
  object space 68608K, 56% used [0x0000000080000000,0x00000000825cc150,0x0000000084300000)
 Metaspace       used 47154K, committed 48448K, reserved 1114112K
  class space    used 5133K, committed 5696K, reserved 1048576K
}
Event: 17.768 GC heap before
{Heap before GC invocations=30 (full 2):
 PSYoungGen      total 15872K, used 15040K [0x00000000d5580000, 0x00000000d6a80000, 0x0000000100000000)
  eden space 14848K, 100% used [0x00000000d5580000,0x00000000d6400000,0x00000000d6400000)
  from space 1024K, 18% used [0x00000000d6880000,0x00000000d68b0000,0x00000000d6980000)
  to   space 512K, 0% used [0x00000000d6a00000,0x00000000d6a00000,0x00000000d6a80000)
 ParOldGen       total 68608K, used 38704K [0x0000000080000000, 0x0000000084300000, 0x00000000d5580000)
  object space 68608K, 56% used [0x0000000080000000,0x00000000825cc150,0x0000000084300000)
 Metaspace       used 47391K, committed 48576K, reserved 1114112K
  class space    used 5163K, committed 5696K, reserved 1048576K
}
Event: 17.769 GC heap after
{Heap after GC invocations=30 (full 2):
 PSYoungGen      total 15360K, used 294K [0x00000000d5580000, 0x00000000d6a80000, 0x0000000100000000)
  eden space 14848K, 0% used [0x00000000d5580000,0x00000000d5580000,0x00000000d6400000)
  from space 512K, 57% used [0x00000000d6a00000,0x00000000d6a49a10,0x00000000d6a80000)
  to   space 512K, 0% used [0x00000000d6980000,0x00000000d6980000,0x00000000d6a00000)
 ParOldGen       total 68608K, used 38795K [0x0000000080000000, 0x0000000084300000, 0x00000000d5580000)
  object space 68608K, 56% used [0x0000000080000000,0x00000000825e2cc0,0x0000000084300000)
 Metaspace       used 47391K, committed 48576K, reserved 1114112K
  class space    used 5163K, committed 5696K, reserved 1048576K
}

